#
# There is insufficient memory for the Java Runtime Environment to continue.
# Native memory allocation (malloc) failed to allocate 32744 bytes for ChunkPool::allocate
# Possible reasons:
#   The system is out of physical RAM or swap space
#   The process is running with CompressedOops enabled, and the Java Heap may be blocking the growth of the native heap
# Possible solutions:
#   Reduce memory load on the system
#   Increase physical memory or swap space
#   Check if swap backing store is full
#   Decrease Java heap size (-Xmx/-Xms)
#   Decrease number of Java threads
#   Decrease Java thread stack sizes (-Xss)
#   Set larger code cache with -XX:ReservedCodeCacheSize=
#   JVM is running with Unscaled Compressed Oops mode in which the Java heap is
#     placed in the first 4GB address space. The Java Heap base address is the
#     maximum limit for the native heap growth. Please use -XX:HeapBaseMinAddress
#     to set the Java Heap base and to place the Java Heap above 4GB virtual address.
# This output file may be truncated or incomplete.
#
#  Out of Memory Error (./src/hotspot/share/memory/arena.cpp:81), pid=22432, tid=26352
#
# JRE version: OpenJDK Runtime Environment (11.0.13) (build 11.0.13+0-b1751.21-8125866)
# Java VM: OpenJDK 64-Bit Server VM (11.0.13+0-b1751.21-8125866, mixed mode, tiered, compressed oops, g1 gc, windows-amd64)
# No core dump will be written. Minidumps are not enabled by default on client versions of Windows
#

---------------  S U M M A R Y ------------

Command Line: org.jetbrains.kotlin.cli.jvm.K2JVMCompiler @C:\Users\prog\AndroidStudioProjects\DocScan\app\build\20221206_13584812345117493734.compiler.options

Host: AMD Ryzen 5 3550H with Radeon Vega Mobile Gfx  , 8 cores, 5G,  Windows 11 , 64 bit Build 22000 (10.0.22000.1219)
Time: Tue Dec  6 02:22:23 2022 RTZ 9 (зима) elapsed time: 17.444346 seconds (0d 0h 0m 17s)

---------------  T H R E A D  ---------------

Current thread (0x0000022162a04000):  JavaThread "Sweeper thread" daemon [_thread_in_vm, id=26352, stack(0x00000052bbd00000,0x00000052bbe00000)]

Stack: [0x00000052bbd00000,0x00000052bbe00000]
Native frames: (J=compiled Java code, j=interpreted, Vv=VM code, C=native code)
V  [jvm.dll+0x6100fa]
V  [jvm.dll+0x747090]
V  [jvm.dll+0x7486ad]
V  [jvm.dll+0x748d83]
V  [jvm.dll+0x24ab48]
V  [jvm.dll+0xc075b]
V  [jvm.dll+0xc0a0c]
V  [jvm.dll+0x218316]
V  [jvm.dll+0x6d8015]
V  [jvm.dll+0x6d81b8]
V  [jvm.dll+0x6d7c28]
V  [jvm.dll+0x6d865c]
V  [jvm.dll+0x70de0f]
V  [jvm.dll+0x706a75]
V  [jvm.dll+0x60ed66]
C  [ucrtbase.dll+0x26c0c]
C  [KERNEL32.DLL+0x15550]
C  [ntdll.dll+0x485b]


---------------  P R O C E S S  ---------------

Threads class SMR info:
_java_thread_list=0x0000022164766670, length=12, elements={
0x00000221498cd000, 0x00000221629d2000, 0x00000221629d5000, 0x00000221629f5800,
0x00000221629f6000, 0x00000221629fa000, 0x00000221629fb800, 0x0000022162a00800,
0x0000022162a04000, 0x00000221634c8000, 0x00000221634bb000, 0x00000221634fe800
}

Java Threads: ( => current thread )
  0x00000221498cd000 JavaThread "main" [_thread_blocked, id=25816, stack(0x00000052baf00000,0x00000052bb000000)]
  0x00000221629d2000 JavaThread "Reference Handler" daemon [_thread_blocked, id=24736, stack(0x00000052bb600000,0x00000052bb700000)]
  0x00000221629d5000 JavaThread "Finalizer" daemon [_thread_blocked, id=18252, stack(0x00000052bb700000,0x00000052bb800000)]
  0x00000221629f5800 JavaThread "Signal Dispatcher" daemon [_thread_blocked, id=7788, stack(0x00000052bb800000,0x00000052bb900000)]
  0x00000221629f6000 JavaThread "Attach Listener" daemon [_thread_blocked, id=24288, stack(0x00000052bb900000,0x00000052bba00000)]
  0x00000221629fa000 JavaThread "Service Thread" daemon [_thread_blocked, id=22128, stack(0x00000052bba00000,0x00000052bbb00000)]
  0x00000221629fb800 JavaThread "C2 CompilerThread0" daemon [_thread_in_native, id=19756, stack(0x00000052bbb00000,0x00000052bbc00000)]
  0x0000022162a00800 JavaThread "C1 CompilerThread0" daemon [_thread_blocked, id=10728, stack(0x00000052bbc00000,0x00000052bbd00000)]
=>0x0000022162a04000 JavaThread "Sweeper thread" daemon [_thread_in_vm, id=26352, stack(0x00000052bbd00000,0x00000052bbe00000)]
  0x00000221634c8000 JavaThread "Common-Cleaner" daemon [_thread_blocked, id=9608, stack(0x00000052bbf00000,0x00000052bc000000)]
  0x00000221634bb000 JavaThread "C2 CompilerThread1" daemon [_thread_in_native, id=23008, stack(0x00000052bc000000,0x00000052bc100000)]
  0x00000221634fe800 JavaThread "C2 CompilerThread2" daemon [_thread_in_native, id=13152, stack(0x00000052bc100000,0x00000052bc200000)]

Other Threads:
  0x00000221629b0000 VMThread "VM Thread" [stack: 0x00000052bb500000,0x00000052bb600000] [id=24188]
  0x00000221634b7800 WatcherThread [stack: 0x00000052bbe00000,0x00000052bbf00000] [id=23752]
  0x00000221498e5000 GCTaskThread "GC Thread#0" [stack: 0x00000052bb000000,0x00000052bb100000] [id=20620]
  0x0000022163d56000 GCTaskThread "GC Thread#1" [stack: 0x00000052bc200000,0x00000052bc300000] [id=26120]
  0x0000022164e87800 GCTaskThread "GC Thread#2" [stack: 0x00000052bc400000,0x00000052bc500000] [id=26156]
  0x000002216bf27000 GCTaskThread "GC Thread#3" [stack: 0x00000052bc700000,0x00000052bc800000] [id=23348]
  0x000002214990a800 ConcurrentGCThread "G1 Main Marker" [stack: 0x00000052bb100000,0x00000052bb200000] [id=14616]
  0x000002214990c800 ConcurrentGCThread "G1 Conc#0" [stack: 0x00000052bb200000,0x00000052bb300000] [id=9852]
  0x0000022164e36800 ConcurrentGCThread "G1 Conc#1" [stack: 0x00000052bc300000,0x00000052bc400000] [id=24560]
  0x0000022149992800 ConcurrentGCThread "G1 Refine#0" [stack: 0x00000052bb300000,0x00000052bb400000] [id=108]
  0x000002216bdba800 ConcurrentGCThread "G1 Refine#1" [stack: 0x00000052bc500000,0x00000052bc600000] [id=23708]
  0x0000022169180000 ConcurrentGCThread "G1 Refine#2" [stack: 0x00000052bc600000,0x00000052bc700000] [id=8068]
  0x0000022167e0e000 ConcurrentGCThread "G1 Refine#3" [stack: 0x00000052bc800000,0x00000052bc900000] [id=16820]
  0x0000022149995800 ConcurrentGCThread "G1 Young RemSet Sampling" [stack: 0x00000052bb400000,0x00000052bb500000] [id=24664]

Threads with active compile tasks:
C2 CompilerThread0  17459 14789       4       org.jetbrains.kotlin.types.AbstractTypeMapper::mapType (443 bytes)
C2 CompilerThread1  17459 14774       4       org.jetbrains.kotlin.load.kotlin.DescriptorBasedTypeSignatureMappingKt::mapType (895 bytes)
C2 CompilerThread2  17459 14925       4       org.jetbrains.kotlin.load.kotlin.TypeSignatureMappingKt::mapBuiltInType (339 bytes)

VM state:not at safepoint (normal execution)

VM Mutex/Monitor currently owned by a thread:  ([mutex/lock_event])
[0x00000221498c8dc0] CompiledIC_lock - owner thread: 0x0000022162a04000

Heap address: 0x00000000a1000000, size: 1520 MB, Compressed Oops mode: 32-bit
Narrow klass base: 0x0000000000000000, Narrow klass shift: 3
Compressed class space size: 1073741824 Address: 0x0000000100000000

Heap:
 garbage-first heap   total 194560K, used 141971K [0x00000000a1000000, 0x0000000100000000)
  region size 1024K, 58 young (59392K), 4 survivors (4096K)
 Metaspace       used 88734K, capacity 89598K, committed 89936K, reserved 1130496K
  class space    used 9358K, capacity 9706K, committed 9852K, reserved 1048576K
Heap Regions: E=young(eden), S=young(survivor), O=old, HS=humongous(starts), HC=humongous(continues), CS=collection set, F=free, A=archive, TAMS=top-at-mark-start (previous, next)
|   0|0x00000000a1000000, 0x00000000a1100000, 0x00000000a1100000|100%|HS|  |TAMS 0x00000000a1100000, 0x00000000a1000000| Complete 
|   1|0x00000000a1100000, 0x00000000a1200000, 0x00000000a1200000|100%|HC|  |TAMS 0x00000000a1200000, 0x00000000a1100000| Complete 
|   2|0x00000000a1200000, 0x00000000a1300000, 0x00000000a1300000|100%|HC|  |TAMS 0x00000000a1300000, 0x00000000a1200000| Complete 
|   3|0x00000000a1300000, 0x00000000a1400000, 0x00000000a1400000|100%| O|  |TAMS 0x00000000a1400000, 0x00000000a1300000| Untracked 
|   4|0x00000000a1400000, 0x00000000a1500000, 0x00000000a1500000|100%| O|  |TAMS 0x00000000a1500000, 0x00000000a1400000| Untracked 
|   5|0x00000000a1500000, 0x00000000a1600000, 0x00000000a1600000|100%|HS|  |TAMS 0x00000000a1600000, 0x00000000a1500000| Complete 
|   6|0x00000000a1600000, 0x00000000a1700000, 0x00000000a1700000|100%|HC|  |TAMS 0x00000000a1700000, 0x00000000a1600000| Complete 
|   7|0x00000000a1700000, 0x00000000a1800000, 0x00000000a1800000|100%|HC|  |TAMS 0x00000000a1800000, 0x00000000a1700000| Complete 
|   8|0x00000000a1800000, 0x00000000a1900000, 0x00000000a1900000|100%| O|  |TAMS 0x00000000a1900000, 0x00000000a1800000| Untracked 
|   9|0x00000000a1900000, 0x00000000a1a00000, 0x00000000a1a00000|100%| O|  |TAMS 0x00000000a1a00000, 0x00000000a1900000| Untracked 
|  10|0x00000000a1a00000, 0x00000000a1b00000, 0x00000000a1b00000|100%| O|  |TAMS 0x00000000a1b00000, 0x00000000a1a00000| Untracked 
|  11|0x00000000a1b00000, 0x00000000a1c00000, 0x00000000a1c00000|100%| O|  |TAMS 0x00000000a1c00000, 0x00000000a1b00000| Untracked 
|  12|0x00000000a1c00000, 0x00000000a1d00000, 0x00000000a1d00000|100%| O|  |TAMS 0x00000000a1d00000, 0x00000000a1c00000| Untracked 
|  13|0x00000000a1d00000, 0x00000000a1e00000, 0x00000000a1e00000|100%| O|  |TAMS 0x00000000a1e00000, 0x00000000a1d00000| Untracked 
|  14|0x00000000a1e00000, 0x00000000a1f00000, 0x00000000a1f00000|100%| O|  |TAMS 0x00000000a1f00000, 0x00000000a1e00000| Untracked 
|  15|0x00000000a1f00000, 0x00000000a2000000, 0x00000000a2000000|100%| O|  |TAMS 0x00000000a2000000, 0x00000000a1f00000| Untracked 
|  16|0x00000000a2000000, 0x00000000a2100000, 0x00000000a2100000|100%| O|  |TAMS 0x00000000a2100000, 0x00000000a2000000| Untracked 
|  17|0x00000000a2100000, 0x00000000a2200000, 0x00000000a2200000|100%| O|  |TAMS 0x00000000a2200000, 0x00000000a2100000| Untracked 
|  18|0x00000000a2200000, 0x00000000a2300000, 0x00000000a2300000|100%| O|  |TAMS 0x00000000a2300000, 0x00000000a2200000| Untracked 
|  19|0x00000000a2300000, 0x00000000a2400000, 0x00000000a2400000|100%| O|  |TAMS 0x00000000a2400000, 0x00000000a2300000| Untracked 
|  20|0x00000000a2400000, 0x00000000a2500000, 0x00000000a2500000|100%| O|  |TAMS 0x00000000a2500000, 0x00000000a2400000| Untracked 
|  21|0x00000000a2500000, 0x00000000a2600000, 0x00000000a2600000|100%| O|  |TAMS 0x00000000a2600000, 0x00000000a2500000| Untracked 
|  22|0x00000000a2600000, 0x00000000a2700000, 0x00000000a2700000|100%| O|  |TAMS 0x00000000a2700000, 0x00000000a2600000| Untracked 
|  23|0x00000000a2700000, 0x00000000a2800000, 0x00000000a2800000|100%|HS|  |TAMS 0x00000000a2800000, 0x00000000a2700000| Complete 
|  24|0x00000000a2800000, 0x00000000a2900000, 0x00000000a2900000|100%|HC|  |TAMS 0x00000000a2900000, 0x00000000a2800000| Complete 
|  25|0x00000000a2900000, 0x00000000a2a00000, 0x00000000a2a00000|100%| O|  |TAMS 0x00000000a2a00000, 0x00000000a2900000| Untracked 
|  26|0x00000000a2a00000, 0x00000000a2b00000, 0x00000000a2b00000|100%| O|  |TAMS 0x00000000a2b00000, 0x00000000a2a00000| Untracked 
|  27|0x00000000a2b00000, 0x00000000a2c00000, 0x00000000a2c00000|100%| O|  |TAMS 0x00000000a2c00000, 0x00000000a2b00000| Untracked 
|  28|0x00000000a2c00000, 0x00000000a2d00000, 0x00000000a2d00000|100%| O|  |TAMS 0x00000000a2d00000, 0x00000000a2c00000| Untracked 
|  29|0x00000000a2d00000, 0x00000000a2e00000, 0x00000000a2e00000|100%| O|  |TAMS 0x00000000a2e00000, 0x00000000a2d00000| Untracked 
|  30|0x00000000a2e00000, 0x00000000a2f00000, 0x00000000a2f00000|100%| O|  |TAMS 0x00000000a2f00000, 0x00000000a2e00000| Untracked 
|  31|0x00000000a2f00000, 0x00000000a3000000, 0x00000000a3000000|100%| O|  |TAMS 0x00000000a3000000, 0x00000000a2f00000| Untracked 
|  32|0x00000000a3000000, 0x00000000a3100000, 0x00000000a3100000|100%| O|  |TAMS 0x00000000a3100000, 0x00000000a3000000| Untracked 
|  33|0x00000000a3100000, 0x00000000a3200000, 0x00000000a3200000|100%| O|  |TAMS 0x00000000a3200000, 0x00000000a3100000| Untracked 
|  34|0x00000000a3200000, 0x00000000a3300000, 0x00000000a3300000|100%| O|  |TAMS 0x00000000a3300000, 0x00000000a3200000| Untracked 
|  35|0x00000000a3300000, 0x00000000a3400000, 0x00000000a3400000|100%| O|  |TAMS 0x00000000a3400000, 0x00000000a3300000| Untracked 
|  36|0x00000000a3400000, 0x00000000a3500000, 0x00000000a3500000|100%| O|  |TAMS 0x00000000a3500000, 0x00000000a3400000| Untracked 
|  37|0x00000000a3500000, 0x00000000a3600000, 0x00000000a3600000|100%| O|  |TAMS 0x00000000a3600000, 0x00000000a3500000| Untracked 
|  38|0x00000000a3600000, 0x00000000a3700000, 0x00000000a3700000|100%| O|  |TAMS 0x00000000a3700000, 0x00000000a3600000| Untracked 
|  39|0x00000000a3700000, 0x00000000a3800000, 0x00000000a3800000|100%| O|  |TAMS 0x00000000a3800000, 0x00000000a3700000| Untracked 
|  40|0x00000000a3800000, 0x00000000a3900000, 0x00000000a3900000|100%| O|  |TAMS 0x00000000a3900000, 0x00000000a3800000| Untracked 
|  41|0x00000000a3900000, 0x00000000a3a00000, 0x00000000a3a00000|100%| O|  |TAMS 0x00000000a3a00000, 0x00000000a3900000| Untracked 
|  42|0x00000000a3a00000, 0x00000000a3b00000, 0x00000000a3b00000|100%| O|  |TAMS 0x00000000a3b00000, 0x00000000a3a00000| Untracked 
|  43|0x00000000a3b00000, 0x00000000a3c00000, 0x00000000a3c00000|100%| O|  |TAMS 0x00000000a3c00000, 0x00000000a3b00000| Untracked 
|  44|0x00000000a3c00000, 0x00000000a3d00000, 0x00000000a3d00000|100%| O|  |TAMS 0x00000000a3d00000, 0x00000000a3c00000| Untracked 
|  45|0x00000000a3d00000, 0x00000000a3e00000, 0x00000000a3e00000|100%| O|  |TAMS 0x00000000a3e00000, 0x00000000a3d00000| Untracked 
|  46|0x00000000a3e00000, 0x00000000a3f00000, 0x00000000a3f00000|100%| O|  |TAMS 0x00000000a3f00000, 0x00000000a3e00000| Untracked 
|  47|0x00000000a3f00000, 0x00000000a4000000, 0x00000000a4000000|100%| O|  |TAMS 0x00000000a4000000, 0x00000000a3f00000| Untracked 
|  48|0x00000000a4000000, 0x00000000a4100000, 0x00000000a4100000|100%| O|  |TAMS 0x00000000a4100000, 0x00000000a4000000| Untracked 
|  49|0x00000000a4100000, 0x00000000a4200000, 0x00000000a4200000|100%| O|  |TAMS 0x00000000a4200000, 0x00000000a4100000| Untracked 
|  50|0x00000000a4200000, 0x00000000a4300000, 0x00000000a4300000|100%| O|  |TAMS 0x00000000a4300000, 0x00000000a4200000| Untracked 
|  51|0x00000000a4300000, 0x00000000a4400000, 0x00000000a4400000|100%| O|  |TAMS 0x00000000a4400000, 0x00000000a4300000| Untracked 
|  52|0x00000000a4400000, 0x00000000a4500000, 0x00000000a4500000|100%| O|  |TAMS 0x00000000a4500000, 0x00000000a4400000| Untracked 
|  53|0x00000000a4500000, 0x00000000a4600000, 0x00000000a4600000|100%| O|  |TAMS 0x00000000a45c7c08, 0x00000000a4500000| Untracked 
|  54|0x00000000a4600000, 0x00000000a4700000, 0x00000000a4700000|100%| O|  |TAMS 0x00000000a4600000, 0x00000000a4600000| Untracked 
|  55|0x00000000a4700000, 0x00000000a4800000, 0x00000000a4800000|100%| O|  |TAMS 0x00000000a4700000, 0x00000000a4700000| Untracked 
|  56|0x00000000a4800000, 0x00000000a4900000, 0x00000000a4900000|100%| O|  |TAMS 0x00000000a4800000, 0x00000000a4800000| Untracked 
|  57|0x00000000a4900000, 0x00000000a4a00000, 0x00000000a4a00000|100%| O|  |TAMS 0x00000000a4900000, 0x00000000a4900000| Untracked 
|  58|0x00000000a4a00000, 0x00000000a4b00000, 0x00000000a4b00000|100%| O|  |TAMS 0x00000000a4a00000, 0x00000000a4a00000| Untracked 
|  59|0x00000000a4b00000, 0x00000000a4c00000, 0x00000000a4c00000|100%| O|  |TAMS 0x00000000a4b00000, 0x00000000a4b00000| Untracked 
|  60|0x00000000a4c00000, 0x00000000a4d00000, 0x00000000a4d00000|100%| O|  |TAMS 0x00000000a4c00000, 0x00000000a4c00000| Untracked 
|  61|0x00000000a4d00000, 0x00000000a4e00000, 0x00000000a4e00000|100%| O|  |TAMS 0x00000000a4d00000, 0x00000000a4d00000| Untracked 
|  62|0x00000000a4e00000, 0x00000000a4f00000, 0x00000000a4f00000|100%| O|  |TAMS 0x00000000a4e00000, 0x00000000a4e00000| Untracked 
|  63|0x00000000a4f00000, 0x00000000a5000000, 0x00000000a5000000|100%| O|  |TAMS 0x00000000a4f00000, 0x00000000a4f00000| Untracked 
|  64|0x00000000a5000000, 0x00000000a5100000, 0x00000000a5100000|100%| O|  |TAMS 0x00000000a5000000, 0x00000000a5000000| Untracked 
|  65|0x00000000a5100000, 0x00000000a5200000, 0x00000000a5200000|100%| O|  |TAMS 0x00000000a5100000, 0x00000000a5100000| Untracked 
|  66|0x00000000a5200000, 0x00000000a5300000, 0x00000000a5300000|100%| O|  |TAMS 0x00000000a5200000, 0x00000000a5200000| Untracked 
|  67|0x00000000a5300000, 0x00000000a5400000, 0x00000000a5400000|100%| O|  |TAMS 0x00000000a5300000, 0x00000000a5300000| Untracked 
|  68|0x00000000a5400000, 0x00000000a5500000, 0x00000000a5500000|100%| O|  |TAMS 0x00000000a5400000, 0x00000000a5400000| Untracked 
|  69|0x00000000a5500000, 0x00000000a5600000, 0x00000000a5600000|100%| O|  |TAMS 0x00000000a5500000, 0x00000000a5500000| Untracked 
|  70|0x00000000a5600000, 0x00000000a5700000, 0x00000000a5700000|100%| O|  |TAMS 0x00000000a5600000, 0x00000000a5600000| Untracked 
|  71|0x00000000a5700000, 0x00000000a5800000, 0x00000000a5800000|100%| O|  |TAMS 0x00000000a5700000, 0x00000000a5700000| Untracked 
|  72|0x00000000a5800000, 0x00000000a5900000, 0x00000000a5900000|100%| O|  |TAMS 0x00000000a5800000, 0x00000000a5800000| Untracked 
|  73|0x00000000a5900000, 0x00000000a5a00000, 0x00000000a5a00000|100%| O|  |TAMS 0x00000000a5900000, 0x00000000a5900000| Untracked 
|  74|0x00000000a5a00000, 0x00000000a5b00000, 0x00000000a5b00000|100%| O|  |TAMS 0x00000000a5a00000, 0x00000000a5a00000| Untracked 
|  75|0x00000000a5b00000, 0x00000000a5c00000, 0x00000000a5c00000|100%| O|  |TAMS 0x00000000a5b00000, 0x00000000a5b00000| Untracked 
|  76|0x00000000a5c00000, 0x00000000a5d00000, 0x00000000a5d00000|100%| O|  |TAMS 0x00000000a5c00000, 0x00000000a5c00000| Untracked 
|  77|0x00000000a5d00000, 0x00000000a5e00000, 0x00000000a5e00000|100%| O|  |TAMS 0x00000000a5d00000, 0x00000000a5d00000| Untracked 
|  78|0x00000000a5e00000, 0x00000000a5f00000, 0x00000000a5f00000|100%| O|  |TAMS 0x00000000a5e00000, 0x00000000a5e00000| Untracked 
|  79|0x00000000a5f00000, 0x00000000a6000000, 0x00000000a6000000|100%| O|  |TAMS 0x00000000a5f00000, 0x00000000a5f00000| Untracked 
|  80|0x00000000a6000000, 0x00000000a6100000, 0x00000000a6100000|100%| O|  |TAMS 0x00000000a6000000, 0x00000000a6000000| Untracked 
|  81|0x00000000a6100000, 0x00000000a6200000, 0x00000000a6200000|100%| O|  |TAMS 0x00000000a6100000, 0x00000000a6100000| Untracked 
|  82|0x00000000a6200000, 0x00000000a6300000, 0x00000000a6300000|100%| O|  |TAMS 0x00000000a6200000, 0x00000000a6200000| Untracked 
|  83|0x00000000a6300000, 0x00000000a633f600, 0x00000000a6400000| 24%| O|  |TAMS 0x00000000a6300000, 0x00000000a6300000| Untracked 
|  84|0x00000000a6400000, 0x00000000a6400000, 0x00000000a6500000|  0%| F|  |TAMS 0x00000000a6400000, 0x00000000a6400000| Untracked 
|  85|0x00000000a6500000, 0x00000000a6500000, 0x00000000a6600000|  0%| F|  |TAMS 0x00000000a6500000, 0x00000000a6500000| Untracked 
|  86|0x00000000a6600000, 0x00000000a6600000, 0x00000000a6700000|  0%| F|  |TAMS 0x00000000a6600000, 0x00000000a6600000| Untracked 
|  87|0x00000000a6700000, 0x00000000a6700000, 0x00000000a6800000|  0%| F|  |TAMS 0x00000000a6700000, 0x00000000a6700000| Untracked 
|  88|0x00000000a6800000, 0x00000000a6800000, 0x00000000a6900000|  0%| F|  |TAMS 0x00000000a6800000, 0x00000000a6800000| Untracked 
|  89|0x00000000a6900000, 0x00000000a6900000, 0x00000000a6a00000|  0%| F|  |TAMS 0x00000000a6900000, 0x00000000a6900000| Untracked 
|  90|0x00000000a6a00000, 0x00000000a6a00000, 0x00000000a6b00000|  0%| F|  |TAMS 0x00000000a6a00000, 0x00000000a6a00000| Untracked 
|  91|0x00000000a6b00000, 0x00000000a6b00000, 0x00000000a6c00000|  0%| F|  |TAMS 0x00000000a6b00000, 0x00000000a6b00000| Untracked 
|  92|0x00000000a6c00000, 0x00000000a6c00000, 0x00000000a6d00000|  0%| F|  |TAMS 0x00000000a6c00000, 0x00000000a6c00000| Untracked 
|  93|0x00000000a6d00000, 0x00000000a6d00000, 0x00000000a6e00000|  0%| F|  |TAMS 0x00000000a6d00000, 0x00000000a6d00000| Untracked 
|  94|0x00000000a6e00000, 0x00000000a6e00000, 0x00000000a6f00000|  0%| F|  |TAMS 0x00000000a6e00000, 0x00000000a6e00000| Untracked 
|  95|0x00000000a6f00000, 0x00000000a6f00000, 0x00000000a7000000|  0%| F|  |TAMS 0x00000000a6f00000, 0x00000000a6f00000| Untracked 
|  96|0x00000000a7000000, 0x00000000a7000000, 0x00000000a7100000|  0%| F|  |TAMS 0x00000000a7000000, 0x00000000a7000000| Untracked 
|  97|0x00000000a7100000, 0x00000000a7100000, 0x00000000a7200000|  0%| F|  |TAMS 0x00000000a7100000, 0x00000000a7100000| Untracked 
|  98|0x00000000a7200000, 0x00000000a7200000, 0x00000000a7300000|  0%| F|  |TAMS 0x00000000a7200000, 0x00000000a7200000| Untracked 
|  99|0x00000000a7300000, 0x00000000a7300000, 0x00000000a7400000|  0%| F|  |TAMS 0x00000000a7300000, 0x00000000a7300000| Untracked 
| 100|0x00000000a7400000, 0x00000000a7400000, 0x00000000a7500000|  0%| F|  |TAMS 0x00000000a7400000, 0x00000000a7400000| Untracked 
| 101|0x00000000a7500000, 0x00000000a7500000, 0x00000000a7600000|  0%| F|  |TAMS 0x00000000a7500000, 0x00000000a7500000| Untracked 
| 102|0x00000000a7600000, 0x00000000a7600000, 0x00000000a7700000|  0%| F|  |TAMS 0x00000000a7600000, 0x00000000a7600000| Untracked 
| 103|0x00000000a7700000, 0x00000000a7700000, 0x00000000a7800000|  0%| F|  |TAMS 0x00000000a7700000, 0x00000000a7700000| Untracked 
| 104|0x00000000a7800000, 0x00000000a7800000, 0x00000000a7900000|  0%| F|  |TAMS 0x00000000a7800000, 0x00000000a7800000| Untracked 
| 105|0x00000000a7900000, 0x00000000a7900000, 0x00000000a7a00000|  0%| F|  |TAMS 0x00000000a7900000, 0x00000000a7900000| Untracked 
| 106|0x00000000a7a00000, 0x00000000a7a00000, 0x00000000a7b00000|  0%| F|  |TAMS 0x00000000a7a00000, 0x00000000a7a00000| Untracked 
| 107|0x00000000a7b00000, 0x00000000a7b00000, 0x00000000a7c00000|  0%| F|  |TAMS 0x00000000a7b00000, 0x00000000a7b00000| Untracked 
| 108|0x00000000a7c00000, 0x00000000a7c00000, 0x00000000a7d00000|  0%| F|  |TAMS 0x00000000a7c00000, 0x00000000a7c00000| Untracked 
| 109|0x00000000a7d00000, 0x00000000a7d00000, 0x00000000a7e00000|  0%| F|  |TAMS 0x00000000a7d00000, 0x00000000a7d00000| Untracked 
| 110|0x00000000a7e00000, 0x00000000a7e00000, 0x00000000a7f00000|  0%| F|  |TAMS 0x00000000a7e00000, 0x00000000a7e00000| Untracked 
| 111|0x00000000a7f00000, 0x00000000a7f00000, 0x00000000a8000000|  0%| F|  |TAMS 0x00000000a7f00000, 0x00000000a7f00000| Untracked 
| 112|0x00000000a8000000, 0x00000000a8000000, 0x00000000a8100000|  0%| F|  |TAMS 0x00000000a8000000, 0x00000000a8000000| Untracked 
| 113|0x00000000a8100000, 0x00000000a8100000, 0x00000000a8200000|  0%| F|  |TAMS 0x00000000a8100000, 0x00000000a8100000| Untracked 
| 114|0x00000000a8200000, 0x00000000a8200000, 0x00000000a8300000|  0%| F|  |TAMS 0x00000000a8200000, 0x00000000a8200000| Untracked 
| 115|0x00000000a8300000, 0x00000000a8300000, 0x00000000a8400000|  0%| F|  |TAMS 0x00000000a8300000, 0x00000000a8300000| Untracked 
| 116|0x00000000a8400000, 0x00000000a8400000, 0x00000000a8500000|  0%| F|  |TAMS 0x00000000a8400000, 0x00000000a8400000| Untracked 
| 117|0x00000000a8500000, 0x00000000a8500000, 0x00000000a8600000|  0%| F|  |TAMS 0x00000000a8500000, 0x00000000a8500000| Untracked 
| 118|0x00000000a8600000, 0x00000000a86658b8, 0x00000000a8700000| 39%| S|CS|TAMS 0x00000000a8600000, 0x00000000a8600000| Complete 
| 119|0x00000000a8700000, 0x00000000a8700000, 0x00000000a8800000|  0%| F|  |TAMS 0x00000000a8700000, 0x00000000a8700000| Untracked 
| 120|0x00000000a8800000, 0x00000000a8800000, 0x00000000a8900000|  0%| F|  |TAMS 0x00000000a8800000, 0x00000000a8800000| Untracked 
| 121|0x00000000a8900000, 0x00000000a8900000, 0x00000000a8a00000|  0%| F|  |TAMS 0x00000000a8900000, 0x00000000a8900000| Untracked 
| 122|0x00000000a8a00000, 0x00000000a8a00000, 0x00000000a8b00000|  0%| F|  |TAMS 0x00000000a8a00000, 0x00000000a8a00000| Untracked 
| 123|0x00000000a8b00000, 0x00000000a8b00000, 0x00000000a8c00000|  0%| F|  |TAMS 0x00000000a8b00000, 0x00000000a8b00000| Untracked 
| 124|0x00000000a8c00000, 0x00000000a8c00000, 0x00000000a8d00000|  0%| F|  |TAMS 0x00000000a8c00000, 0x00000000a8c00000| Untracked 
| 125|0x00000000a8d00000, 0x00000000a8d00000, 0x00000000a8e00000|  0%| F|  |TAMS 0x00000000a8d00000, 0x00000000a8d00000| Untracked 
| 126|0x00000000a8e00000, 0x00000000a8e00000, 0x00000000a8f00000|  0%| F|  |TAMS 0x00000000a8e00000, 0x00000000a8e00000| Untracked 
| 127|0x00000000a8f00000, 0x00000000a8f00000, 0x00000000a9000000|  0%| F|  |TAMS 0x00000000a8f00000, 0x00000000a8f00000| Untracked 
| 128|0x00000000a9000000, 0x00000000a9100000, 0x00000000a9100000|100%| S|CS|TAMS 0x00000000a9000000, 0x00000000a9000000| Complete 
| 129|0x00000000a9100000, 0x00000000a9200000, 0x00000000a9200000|100%| S|CS|TAMS 0x00000000a9100000, 0x00000000a9100000| Complete 
| 130|0x00000000a9200000, 0x00000000a9300000, 0x00000000a9300000|100%| S|CS|TAMS 0x00000000a9200000, 0x00000000a9200000| Complete 
| 131|0x00000000a9300000, 0x00000000a9300000, 0x00000000a9400000|  0%| F|  |TAMS 0x00000000a9300000, 0x00000000a9300000| Untracked 
| 132|0x00000000a9400000, 0x00000000a9400000, 0x00000000a9500000|  0%| F|  |TAMS 0x00000000a9400000, 0x00000000a9400000| Untracked 
| 133|0x00000000a9500000, 0x00000000a9500000, 0x00000000a9600000|  0%| F|  |TAMS 0x00000000a9500000, 0x00000000a9500000| Untracked 
| 134|0x00000000a9600000, 0x00000000a9600000, 0x00000000a9700000|  0%| F|  |TAMS 0x00000000a9600000, 0x00000000a9600000| Untracked 
| 135|0x00000000a9700000, 0x00000000a9700000, 0x00000000a9800000|  0%| F|  |TAMS 0x00000000a9700000, 0x00000000a9700000| Untracked 
| 136|0x00000000a9800000, 0x00000000a9900000, 0x00000000a9900000|100%| E|  |TAMS 0x00000000a9800000, 0x00000000a9800000| Complete 
| 137|0x00000000a9900000, 0x00000000a9a00000, 0x00000000a9a00000|100%| E|CS|TAMS 0x00000000a9900000, 0x00000000a9900000| Complete 
| 138|0x00000000a9a00000, 0x00000000a9b00000, 0x00000000a9b00000|100%| E|CS|TAMS 0x00000000a9a00000, 0x00000000a9a00000| Complete 
| 139|0x00000000a9b00000, 0x00000000a9c00000, 0x00000000a9c00000|100%| E|CS|TAMS 0x00000000a9b00000, 0x00000000a9b00000| Complete 
| 140|0x00000000a9c00000, 0x00000000a9d00000, 0x00000000a9d00000|100%| E|CS|TAMS 0x00000000a9c00000, 0x00000000a9c00000| Complete 
| 141|0x00000000a9d00000, 0x00000000a9e00000, 0x00000000a9e00000|100%| E|CS|TAMS 0x00000000a9d00000, 0x00000000a9d00000| Complete 
| 142|0x00000000a9e00000, 0x00000000a9f00000, 0x00000000a9f00000|100%| E|CS|TAMS 0x00000000a9e00000, 0x00000000a9e00000| Complete 
| 143|0x00000000a9f00000, 0x00000000aa000000, 0x00000000aa000000|100%| E|CS|TAMS 0x00000000a9f00000, 0x00000000a9f00000| Complete 
| 144|0x00000000aa000000, 0x00000000aa100000, 0x00000000aa100000|100%| E|CS|TAMS 0x00000000aa000000, 0x00000000aa000000| Complete 
| 145|0x00000000aa100000, 0x00000000aa200000, 0x00000000aa200000|100%| E|CS|TAMS 0x00000000aa100000, 0x00000000aa100000| Complete 
| 146|0x00000000aa200000, 0x00000000aa300000, 0x00000000aa300000|100%| E|CS|TAMS 0x00000000aa200000, 0x00000000aa200000| Complete 
| 147|0x00000000aa300000, 0x00000000aa400000, 0x00000000aa400000|100%| E|CS|TAMS 0x00000000aa300000, 0x00000000aa300000| Complete 
| 148|0x00000000aa400000, 0x00000000aa500000, 0x00000000aa500000|100%| E|CS|TAMS 0x00000000aa400000, 0x00000000aa400000| Complete 
| 149|0x00000000aa500000, 0x00000000aa600000, 0x00000000aa600000|100%| E|CS|TAMS 0x00000000aa500000, 0x00000000aa500000| Complete 
| 150|0x00000000aa600000, 0x00000000aa700000, 0x00000000aa700000|100%| E|CS|TAMS 0x00000000aa600000, 0x00000000aa600000| Complete 
| 151|0x00000000aa700000, 0x00000000aa800000, 0x00000000aa800000|100%| E|CS|TAMS 0x00000000aa700000, 0x00000000aa700000| Complete 
| 152|0x00000000aa800000, 0x00000000aa900000, 0x00000000aa900000|100%| E|CS|TAMS 0x00000000aa800000, 0x00000000aa800000| Complete 
| 153|0x00000000aa900000, 0x00000000aaa00000, 0x00000000aaa00000|100%| E|CS|TAMS 0x00000000aa900000, 0x00000000aa900000| Complete 
| 154|0x00000000aaa00000, 0x00000000aab00000, 0x00000000aab00000|100%| E|CS|TAMS 0x00000000aaa00000, 0x00000000aaa00000| Complete 
| 155|0x00000000aab00000, 0x00000000aac00000, 0x00000000aac00000|100%| E|CS|TAMS 0x00000000aab00000, 0x00000000aab00000| Complete 
| 156|0x00000000aac00000, 0x00000000aad00000, 0x00000000aad00000|100%| E|CS|TAMS 0x00000000aac00000, 0x00000000aac00000| Complete 
| 157|0x00000000aad00000, 0x00000000aae00000, 0x00000000aae00000|100%| E|CS|TAMS 0x00000000aad00000, 0x00000000aad00000| Complete 
| 158|0x00000000aae00000, 0x00000000aaf00000, 0x00000000aaf00000|100%| E|CS|TAMS 0x00000000aae00000, 0x00000000aae00000| Complete 
| 159|0x00000000aaf00000, 0x00000000ab000000, 0x00000000ab000000|100%| E|CS|TAMS 0x00000000aaf00000, 0x00000000aaf00000| Complete 
| 160|0x00000000ab000000, 0x00000000ab100000, 0x00000000ab100000|100%| E|CS|TAMS 0x00000000ab000000, 0x00000000ab000000| Complete 
| 161|0x00000000ab100000, 0x00000000ab200000, 0x00000000ab200000|100%| E|CS|TAMS 0x00000000ab100000, 0x00000000ab100000| Complete 
| 162|0x00000000ab200000, 0x00000000ab300000, 0x00000000ab300000|100%| E|CS|TAMS 0x00000000ab200000, 0x00000000ab200000| Complete 
| 163|0x00000000ab300000, 0x00000000ab400000, 0x00000000ab400000|100%| E|CS|TAMS 0x00000000ab300000, 0x00000000ab300000| Complete 
| 164|0x00000000ab400000, 0x00000000ab500000, 0x00000000ab500000|100%| E|CS|TAMS 0x00000000ab400000, 0x00000000ab400000| Complete 
| 165|0x00000000ab500000, 0x00000000ab600000, 0x00000000ab600000|100%| E|CS|TAMS 0x00000000ab500000, 0x00000000ab500000| Complete 
| 166|0x00000000ab600000, 0x00000000ab700000, 0x00000000ab700000|100%| E|CS|TAMS 0x00000000ab600000, 0x00000000ab600000| Complete 
| 167|0x00000000ab700000, 0x00000000ab800000, 0x00000000ab800000|100%| E|CS|TAMS 0x00000000ab700000, 0x00000000ab700000| Complete 
| 168|0x00000000ab800000, 0x00000000ab900000, 0x00000000ab900000|100%| E|CS|TAMS 0x00000000ab800000, 0x00000000ab800000| Complete 
| 169|0x00000000ab900000, 0x00000000aba00000, 0x00000000aba00000|100%| E|CS|TAMS 0x00000000ab900000, 0x00000000ab900000| Complete 
| 170|0x00000000aba00000, 0x00000000abb00000, 0x00000000abb00000|100%| E|CS|TAMS 0x00000000aba00000, 0x00000000aba00000| Complete 
| 171|0x00000000abb00000, 0x00000000abc00000, 0x00000000abc00000|100%| E|CS|TAMS 0x00000000abb00000, 0x00000000abb00000| Complete 
| 172|0x00000000abc00000, 0x00000000abd00000, 0x00000000abd00000|100%| E|CS|TAMS 0x00000000abc00000, 0x00000000abc00000| Complete 
| 173|0x00000000abd00000, 0x00000000abe00000, 0x00000000abe00000|100%| E|CS|TAMS 0x00000000abd00000, 0x00000000abd00000| Complete 
| 174|0x00000000abe00000, 0x00000000abf00000, 0x00000000abf00000|100%| E|CS|TAMS 0x00000000abe00000, 0x00000000abe00000| Complete 
| 175|0x00000000abf00000, 0x00000000ac000000, 0x00000000ac000000|100%| E|CS|TAMS 0x00000000abf00000, 0x00000000abf00000| Complete 
| 176|0x00000000ac000000, 0x00000000ac100000, 0x00000000ac100000|100%| E|  |TAMS 0x00000000ac000000, 0x00000000ac000000| Complete 
| 177|0x00000000ac100000, 0x00000000ac200000, 0x00000000ac200000|100%| E|CS|TAMS 0x00000000ac100000, 0x00000000ac100000| Complete 
| 178|0x00000000ac200000, 0x00000000ac300000, 0x00000000ac300000|100%| E|CS|TAMS 0x00000000ac200000, 0x00000000ac200000| Complete 
| 179|0x00000000ac300000, 0x00000000ac400000, 0x00000000ac400000|100%| E|CS|TAMS 0x00000000ac300000, 0x00000000ac300000| Complete 
| 180|0x00000000ac400000, 0x00000000ac500000, 0x00000000ac500000|100%| E|CS|TAMS 0x00000000ac400000, 0x00000000ac400000| Complete 
| 181|0x00000000ac500000, 0x00000000ac600000, 0x00000000ac600000|100%| E|CS|TAMS 0x00000000ac500000, 0x00000000ac500000| Complete 
| 182|0x00000000ac600000, 0x00000000ac700000, 0x00000000ac700000|100%| E|CS|TAMS 0x00000000ac600000, 0x00000000ac600000| Complete 
| 183|0x00000000ac700000, 0x00000000ac800000, 0x00000000ac800000|100%| E|CS|TAMS 0x00000000ac700000, 0x00000000ac700000| Complete 
| 184|0x00000000ac800000, 0x00000000ac900000, 0x00000000ac900000|100%| E|CS|TAMS 0x00000000ac800000, 0x00000000ac800000| Complete 
| 185|0x00000000ac900000, 0x00000000aca00000, 0x00000000aca00000|100%| E|CS|TAMS 0x00000000ac900000, 0x00000000ac900000| Complete 
| 186|0x00000000aca00000, 0x00000000acb00000, 0x00000000acb00000|100%| E|CS|TAMS 0x00000000aca00000, 0x00000000aca00000| Complete 
| 187|0x00000000acb00000, 0x00000000acc00000, 0x00000000acc00000|100%| E|CS|TAMS 0x00000000acb00000, 0x00000000acb00000| Complete 
| 188|0x00000000acc00000, 0x00000000acd00000, 0x00000000acd00000|100%| E|CS|TAMS 0x00000000acc00000, 0x00000000acc00000| Complete 
| 189|0x00000000acd00000, 0x00000000ace00000, 0x00000000ace00000|100%| E|CS|TAMS 0x00000000acd00000, 0x00000000acd00000| Complete 

Card table byte_map: [0x000002215ca20000,0x000002215cd20000] _byte_map_base: 0x000002215c518000

Marking Bits (Prev, Next): (CMBitMap*) 0x0000022149903a28, (CMBitMap*) 0x0000022149903a60
 Prev Bits: [0x000002215d020000, 0x000002215e7e0000)
 Next Bits: [0x000002215e7e0000, 0x000002215ffa0000)

Polling page: 0x00000221490b0000

Metaspace:

Usage:
  Non-class:     78.02 MB capacity,    77.52 MB (>99%) used,   371.23 KB ( <1%) free+waste,   144.56 KB ( <1%) overhead. 
      Class:      9.48 MB capacity,     9.14 MB ( 96%) used,   289.15 KB (  3%) free+waste,    58.81 KB ( <1%) overhead. 
       Both:     87.50 MB capacity,    86.65 MB (>99%) used,   660.38 KB ( <1%) free+waste,   203.38 KB ( <1%) overhead. 

Virtual space:
  Non-class space:       80.00 MB reserved,      78.21 MB ( 98%) committed 
      Class space:        1.00 GB reserved,       9.62 MB ( <1%) committed 
             Both:        1.08 GB reserved,      87.83 MB (  8%) committed 

Chunk freelists:
   Non-Class:  0 bytes
       Class:  22.00 KB
        Both:  22.00 KB

MaxMetaspaceSize: 17179869184.00 GB
CompressedClassSpaceSize: 1.00 GB
Initial GC threshold: 20.80 MB
Current GC threshold: 109.71 MB
CDS: off

CodeHeap 'non-profiled nmethods': size=120000Kb used=8331Kb max_used=8719Kb free=111668Kb
 bounds [0x0000022154ec0000, 0x0000022155750000, 0x000002215c3f0000]
CodeHeap 'profiled nmethods': size=120000Kb used=46867Kb max_used=47782Kb free=73132Kb
 bounds [0x000002214d990000, 0x0000022150840000, 0x0000022154ec0000]
CodeHeap 'non-nmethods': size=5760Kb used=1401Kb max_used=1470Kb free=4358Kb
 bounds [0x000002214d3f0000, 0x000002214d660000, 0x000002214d990000]
 total_blobs=15118 nmethods=14411 adapters=615
 compilation: enabled
              stopped_count=0, restarted_count=0
 full_count=0

Compilation events (20 events):
Event: 17.418 Thread 0x0000022162a00800 nmethod 15027 0x0000022150836f10 code [0x00000221508370c0, 0x00000221508371e8]
Event: 17.418 Thread 0x0000022162a00800 15028       2       gnu.trove.TObjectIntHashMap::setUp (24 bytes)
Event: 17.418 Thread 0x0000022162a00800 nmethod 15028 0x0000022150837290 code [0x0000022150837460, 0x0000022150837878]
Event: 17.421 Thread 0x0000022162a00800 15029       2       org.jetbrains.kotlin.types.checker.SimpleClassicTypeSystemContext::getPrimitiveType (6 bytes)
Event: 17.421 Thread 0x0000022162a00800 nmethod 15029 0x0000022150837a10 code [0x0000022150837bc0, 0x0000022150837cc8]
Event: 17.421 Thread 0x0000022162a00800 15030       2       org.jetbrains.kotlin.ir.descriptors.IrBasedClassDescriptor::getName (11 bytes)
Event: 17.422 Thread 0x0000022162a00800 nmethod 15030 0x0000022150837d90 code [0x0000022150837f40, 0x0000022150838088]
Event: 17.422 Thread 0x0000022162a00800 15031       2       org.jetbrains.kotlin.backend.jvm.codegen.ExpressionCodegen::visitStatementContainer (92 bytes)
Event: 17.422 Thread 0x0000022162a00800 nmethod 15031 0x0000022150838190 code [0x00000221508383a0, 0x0000022150838708]
Event: 17.422 Thread 0x0000022162a00800 15032       2       org.jetbrains.kotlin.backend.jvm.codegen.BlockInfo::<init> (51 bytes)
Event: 17.422 Thread 0x0000022162a00800 nmethod 15032 0x0000022150838990 code [0x0000022150838b60, 0x0000022150838f08]
Event: 17.423 Thread 0x0000022162a00800 15033       2       org.jetbrains.kotlin.backend.jvm.codegen.ExpressionCodegen::getAsmType (14 bytes)
Event: 17.423 Thread 0x0000022162a00800 nmethod 15033 0x0000022150839090 code [0x0000022150839240, 0x0000022150839368]
Event: 17.425 Thread 0x0000022162a00800 15035       1       org.jetbrains.kotlin.ir.expressions.impl.IrGetFieldImpl::getStartOffset (5 bytes)
Event: 17.425 Thread 0x0000022162a00800 nmethod 15035 0x0000022155743890 code [0x0000022155743a40, 0x0000022155743af8]
Event: 17.425 Thread 0x0000022162a00800 15036       1       org.jetbrains.kotlin.ir.declarations.lazy.IrLazyField::getDescriptor (5 bytes)
Event: 17.425 Thread 0x0000022162a00800 nmethod 15036 0x0000022155743b90 code [0x0000022155743d40, 0x0000022155743df8]
Event: 17.430 Thread 0x0000022162a00800 15038       2       org.jetbrains.org.objectweb.asm.tree.InsnList::resetLabels (32 bytes)
Event: 17.431 Thread 0x0000022162a00800 nmethod 15038 0x0000022150839490 code [0x0000022150839640, 0x0000022150839858]
Event: 17.437 Thread 0x0000022162a00800 15039       2       org.jetbrains.kotlin.codegen.optimization.fixStack.FixStackContext::<init> (532 bytes)

GC Heap History (20 events):
Event: 4.293 GC heap before
{Heap before GC invocations=7 (full 0):
 garbage-first heap   total 132096K, used 81867K [0x00000000a1000000, 0x0000000100000000)
  region size 1024K, 55 young (56320K), 4 survivors (4096K)
 Metaspace       used 49109K, capacity 49649K, committed 49744K, reserved 1093632K
  class space    used 5704K, capacity 5931K, committed 6012K, reserved 1048576K
}
Event: 4.305 GC heap after
{Heap after GC invocations=8 (full 0):
 garbage-first heap   total 132096K, used 33705K [0x00000000a1000000, 0x0000000100000000)
  region size 1024K, 7 young (7168K), 7 survivors (7168K)
 Metaspace       used 49109K, capacity 49649K, committed 49744K, reserved 1093632K
  class space    used 5704K, capacity 5931K, committed 6012K, reserved 1048576K
}
Event: 5.671 GC heap before
{Heap before GC invocations=8 (full 0):
 garbage-first heap   total 132096K, used 87977K [0x00000000a1000000, 0x0000000100000000)
  region size 1024K, 60 young (61440K), 7 survivors (7168K)
 Metaspace       used 56095K, capacity 56697K, committed 56784K, reserved 1099776K
  class space    used 6364K, capacity 6607K, committed 6652K, reserved 1048576K
}
Event: 5.695 GC heap after
{Heap after GC invocations=9 (full 0):
 garbage-first heap   total 132096K, used 41984K [0x00000000a1000000, 0x0000000100000000)
  region size 1024K, 8 young (8192K), 8 survivors (8192K)
 Metaspace       used 56095K, capacity 56697K, committed 56784K, reserved 1099776K
  class space    used 6364K, capacity 6607K, committed 6652K, reserved 1048576K
}
Event: 6.707 GC heap before
{Heap before GC invocations=9 (full 0):
 garbage-first heap   total 132096K, used 93184K [0x00000000a1000000, 0x0000000100000000)
  region size 1024K, 58 young (59392K), 8 survivors (8192K)
 Metaspace       used 57075K, capacity 57754K, committed 57936K, reserved 1099776K
  class space    used 6412K, capacity 6682K, committed 6780K, reserved 1048576K
}
Event: 6.740 GC heap after
{Heap after GC invocations=10 (full 0):
 garbage-first heap   total 132096K, used 50896K [0x00000000a1000000, 0x0000000100000000)
  region size 1024K, 8 young (8192K), 8 survivors (8192K)
 Metaspace       used 57075K, capacity 57754K, committed 57936K, reserved 1099776K
  class space    used 6412K, capacity 6682K, committed 6780K, reserved 1048576K
}
Event: 7.390 GC heap before
{Heap before GC invocations=10 (full 0):
 garbage-first heap   total 132096K, used 95952K [0x00000000a1000000, 0x0000000100000000)
  region size 1024K, 52 young (53248K), 8 survivors (8192K)
 Metaspace       used 59079K, capacity 59746K, committed 59984K, reserved 1101824K
  class space    used 6638K, capacity 6897K, committed 7036K, reserved 1048576K
}
Event: 7.406 GC heap after
{Heap after GC invocations=11 (full 0):
 garbage-first heap   total 161792K, used 55807K [0x00000000a1000000, 0x0000000100000000)
  region size 1024K, 4 young (4096K), 4 survivors (4096K)
 Metaspace       used 59079K, capacity 59746K, committed 59984K, reserved 1101824K
  class space    used 6638K, capacity 6897K, committed 7036K, reserved 1048576K
}
Event: 7.759 GC heap before
{Heap before GC invocations=11 (full 0):
 garbage-first heap   total 161792K, used 62975K [0x00000000a1000000, 0x0000000100000000)
  region size 1024K, 12 young (12288K), 4 survivors (4096K)
 Metaspace       used 59792K, capacity 60415K, committed 60496K, reserved 1103872K
  class space    used 6699K, capacity 6969K, committed 7036K, reserved 1048576K
}
Event: 7.772 GC heap after
{Heap after GC invocations=12 (full 0):
 garbage-first heap   total 161792K, used 56095K [0x00000000a1000000, 0x0000000100000000)
  region size 1024K, 5 young (5120K), 5 survivors (5120K)
 Metaspace       used 59792K, capacity 60415K, committed 60496K, reserved 1103872K
  class space    used 6699K, capacity 6969K, committed 7036K, reserved 1048576K
}
Event: 10.200 GC heap before
{Heap before GC invocations=13 (full 0):
 garbage-first heap   total 161792K, used 110367K [0x00000000a1000000, 0x0000000100000000)
  region size 1024K, 58 young (59392K), 5 survivors (5120K)
 Metaspace       used 66415K, capacity 67209K, committed 67408K, reserved 1110016K
  class space    used 7430K, capacity 7776K, committed 7804K, reserved 1048576K
}
Event: 10.227 GC heap after
{Heap after GC invocations=14 (full 0):
 garbage-first heap   total 161792K, used 63263K [0x00000000a1000000, 0x0000000100000000)
  region size 1024K, 8 young (8192K), 8 survivors (8192K)
 Metaspace       used 66415K, capacity 67209K, committed 67408K, reserved 1110016K
  class space    used 7430K, capacity 7776K, committed 7804K, reserved 1048576K
}
Event: 12.633 GC heap before
{Heap before GC invocations=15 (full 0):
 garbage-first heap   total 161792K, used 117535K [0x00000000a1000000, 0x0000000100000000)
  region size 1024K, 60 young (61440K), 8 survivors (8192K)
 Metaspace       used 68180K, capacity 69035K, committed 69328K, reserved 1110016K
  class space    used 7468K, capacity 7816K, committed 7932K, reserved 1048576K
}
Event: 12.662 GC heap after
{Heap after GC invocations=16 (full 0):
 garbage-first heap   total 161792K, used 70848K [0x00000000a1000000, 0x0000000100000000)
  region size 1024K, 8 young (8192K), 8 survivors (8192K)
 Metaspace       used 68180K, capacity 69035K, committed 69328K, reserved 1110016K
  class space    used 7468K, capacity 7816K, committed 7932K, reserved 1048576K
}
Event: 13.972 GC heap before
{Heap before GC invocations=16 (full 0):
 garbage-first heap   total 161792K, used 121024K [0x00000000a1000000, 0x0000000100000000)
  region size 1024K, 57 young (58368K), 8 survivors (8192K)
 Metaspace       used 74212K, capacity 75115K, committed 75216K, reserved 1116160K
  class space    used 8027K, capacity 8381K, committed 8444K, reserved 1048576K
}
Event: 13.994 GC heap after
{Heap after GC invocations=17 (full 0):
 garbage-first heap   total 194560K, used 75464K [0x00000000a1000000, 0x0000000100000000)
  region size 1024K, 5 young (5120K), 5 survivors (5120K)
 Metaspace       used 74212K, capacity 75115K, committed 75216K, reserved 1116160K
  class space    used 8027K, capacity 8381K, committed 8444K, reserved 1048576K
}
Event: 15.539 GC heap before
{Heap before GC invocations=17 (full 0):
 garbage-first heap   total 194560K, used 138952K [0x00000000a1000000, 0x0000000100000000)
  region size 1024K, 67 young (68608K), 5 survivors (5120K)
 Metaspace       used 82548K, capacity 83462K, committed 83536K, reserved 1124352K
  class space    used 8918K, capacity 9283K, committed 9340K, reserved 1048576K
}
Event: 15.562 GC heap after
{Heap after GC invocations=18 (full 0):
 garbage-first heap   total 194560K, used 84992K [0x00000000a1000000, 0x0000000100000000)
  region size 1024K, 9 young (9216K), 9 survivors (9216K)
 Metaspace       used 82548K, capacity 83462K, committed 83536K, reserved 1124352K
  class space    used 8918K, capacity 9283K, committed 9340K, reserved 1048576K
}
Event: 16.347 GC heap before
{Heap before GC invocations=18 (full 0):
 garbage-first heap   total 194560K, used 145408K [0x00000000a1000000, 0x0000000100000000)
  region size 1024K, 68 young (69632K), 9 survivors (9216K)
 Metaspace       used 83490K, capacity 84360K, committed 84560K, reserved 1124352K
  class space    used 8938K, capacity 9283K, committed 9340K, reserved 1048576K
}
Event: 16.371 GC heap after
{Heap after GC invocations=19 (full 0):
 garbage-first heap   total 194560K, used 88723K [0x00000000a1000000, 0x0000000100000000)
  region size 1024K, 4 young (4096K), 4 survivors (4096K)
 Metaspace       used 83490K, capacity 84360K, committed 84560K, reserved 1124352K
  class space    used 8938K, capacity 9283K, committed 9340K, reserved 1048576K
}

Deoptimization events (20 events):
Event: 17.183 Thread 0x00000221498cd000 Uncommon trap: trap_request=0xffffff4d fr.pc=0x000002215572ea5c relative=0x000000000000021c
Event: 17.183 Thread 0x00000221498cd000 Uncommon trap: reason=unstable_if action=reinterpret pc=0x000002215572ea5c method=org.jetbrains.kotlin.resolve.MemberComparator$NameAndTypeMemberComparator.getDeclarationPriority(Lorg/jetbrains/kotlin/descriptors/DeclarationDescriptor;)I @ 24 c2
Event: 17.183 Thread 0x00000221498cd000 DEOPT PACKING pc=0x000002215572ea5c sp=0x00000052baffd9d0
Event: 17.183 Thread 0x00000221498cd000 DEOPT UNPACKING pc=0x000002214d43a1af sp=0x00000052baffd968 mode 2
Event: 17.231 Thread 0x00000221498cd000 Uncommon trap: trap_request=0xffffffde fr.pc=0x0000022155277bfc relative=0x000000000000055c
Event: 17.231 Thread 0x00000221498cd000 Uncommon trap: reason=class_check action=maybe_recompile pc=0x0000022155277bfc method=java.util.regex.Matcher.search(I)Z @ 121 c2
Event: 17.231 Thread 0x00000221498cd000 DEOPT PACKING pc=0x0000022155277bfc sp=0x00000052baffcf40
Event: 17.231 Thread 0x00000221498cd000 DEOPT UNPACKING pc=0x000002214d43a1af sp=0x00000052baffcf10 mode 2
Event: 17.397 Thread 0x00000221498cd000 Uncommon trap: trap_request=0xffffffde fr.pc=0x000002215557c458 relative=0x0000000000000098
Event: 17.397 Thread 0x00000221498cd000 Uncommon trap: reason=class_check action=maybe_recompile pc=0x000002215557c458 method=org.jetbrains.kotlin.ir.symbols.impl.IrSymbolBase.getDescriptor()Lorg/jetbrains/kotlin/descriptors/DeclarationDescriptor; @ 10 c2
Event: 17.397 Thread 0x00000221498cd000 DEOPT PACKING pc=0x000002215557c458 sp=0x00000052baffc6a0
Event: 17.397 Thread 0x00000221498cd000 DEOPT UNPACKING pc=0x000002214d43a1af sp=0x00000052baffc640 mode 2
Event: 17.423 Thread 0x00000221498cd000 Uncommon trap: trap_request=0xffffff4d fr.pc=0x00000221550dd8ac relative=0x000000000000016c
Event: 17.423 Thread 0x00000221498cd000 Uncommon trap: reason=unstable_if action=reinterpret pc=0x00000221550dd8ac method=gnu.trove.THash.postInsertHook(Z)V @ 49 c2
Event: 17.423 Thread 0x00000221498cd000 DEOPT PACKING pc=0x00000221550dd8ac sp=0x00000052baffd2d0
Event: 17.423 Thread 0x00000221498cd000 DEOPT UNPACKING pc=0x000002214d43a1af sp=0x00000052baffd260 mode 2
Event: 17.430 Thread 0x00000221498cd000 Uncommon trap: trap_request=0xffffffde fr.pc=0x0000022155526c30 relative=0x0000000000004310
Event: 17.430 Thread 0x00000221498cd000 Uncommon trap: reason=class_check action=maybe_recompile pc=0x0000022155526c30 method=org.jetbrains.org.objectweb.asm.ClassReader.readMethod(Lorg/jetbrains/org/objectweb/asm/ClassVisitor;Lorg/jetbrains/org/objectweb/asm/Context;I)I @ 1041 c2
Event: 17.430 Thread 0x00000221498cd000 DEOPT PACKING pc=0x0000022155526c30 sp=0x00000052baffd190
Event: 17.430 Thread 0x00000221498cd000 DEOPT UNPACKING pc=0x000002214d43a1af sp=0x00000052baffd128 mode 2

Classes redefined (0 events):
No events

Internal exceptions (20 events):
Event: 8.623 Thread 0x00000221498cd000 Implicit null exception at 0x00000221552fb3f4 to 0x00000221552fba5c
Event: 9.210 Thread 0x00000221498cd000 Exception <a 'java/lang/NoSuchMethodError'{0x00000000a871a440}: 'int java.lang.invoke.DirectMethodHandle$Holder.invokeVirtual(java.lang.Object, java.lang.Object, java.lang.Object)'> (0x00000000a871a440) thrown at [./src/hotspot/share/interpreter/linkResolver.cpp, line 773]
Event: 9.360 Thread 0x00000221498cd000 Exception <a 'java/lang/NoSuchMethodError'{0x00000000a84fcce8}: 'java.lang.Object java.lang.invoke.DirectMethodHandle$Holder.invokeSpecial(java.lang.Object, java.lang.Object, java.lang.Object, java.lang.Object, java.lang.Object, int)'> (0x00000000a84fcce8) thrown at [./src/hotspot/share/interpreter/linkResolver.cpp, line 773]
Event: 9.361 Thread 0x00000221498cd000 Exception <a 'java/lang/NoSuchMethodError'{0x00000000a8300fe0}: 'java.lang.Object java.lang.invoke.Invokers$Holder.linkToTargetMethod(java.lang.Object, java.lang.Object, java.lang.Object, int, java.lang.Object)'> (0x00000000a8300fe0) thrown at [./src/hotspot/share/interpreter/linkResolver.cpp, line 773]
Event: 9.430 Thread 0x00000221498cd000 Exception <a 'java/lang/NoSuchMethodError'{0x00000000a82aefb8}: 'void java.lang.invoke.DirectMethodHandle$Holder.invokeInterface(java.lang.Object, java.lang.Object)'> (0x00000000a82aefb8) thrown at [./src/hotspot/share/interpreter/linkResolver.cpp, line 773]
Event: 9.504 Thread 0x00000221498cd000 Exception <a 'java/lang/IncompatibleClassChangeError'{0x00000000a809f5f0}: Found class java.lang.Object, but interface was expected> (0x00000000a809f5f0) thrown at [./src/hotspot/share/interpreter/linkResolver.cpp, line 839]
Event: 9.662 Thread 0x00000221498cd000 Exception <a 'java/lang/NoSuchMethodError'{0x00000000a7dccef0}: 'int java.lang.invoke.DirectMethodHandle$Holder.invokeStaticInit(java.lang.Object, int)'> (0x00000000a7dccef0) thrown at [./src/hotspot/share/interpreter/linkResolver.cpp, line 773]
Event: 11.880 Thread 0x00000221498cd000 Implicit null exception at 0x00000221553182cc to 0x0000022155318398
Event: 13.208 Thread 0x00000221498cd000 Exception <a 'java/lang/NoSuchMethodError'{0x00000000a9b32f20}: 'java.lang.Object java.lang.invoke.DirectMethodHandle$Holder.invokeStaticInit(java.lang.Object, java.lang.Object, java.lang.Object, java.lang.Object)'> (0x00000000a9b32f20) thrown at [./src/hotspot/share/interpreter/linkResolver.cpp, line 773]
Event: 13.403 Thread 0x00000221498cd000 Exception <a 'java/lang/NoSuchMethodError'{0x00000000a911a6f8}: 'int java.lang.invoke.DirectMethodHandle$Holder.invokeStaticInit(java.lang.Object, java.lang.Object, java.lang.Object, java.lang.Object)'> (0x00000000a911a6f8) thrown at [./src/hotspot/share/interpreter/linkResolver.cpp, line 773]
Event: 13.468 Thread 0x00000221498cd000 Exception <a 'java/lang/NoSuchMethodError'{0x00000000a8eb0aa0}: 'java.lang.Object java.lang.invoke.DirectMethodHandle$Holder.invokeStatic(java.lang.Object, java.lang.Object, java.lang.Object, int, int, java.lang.Object, java.lang.Object)'> (0x00000000a8eb0aa0) thrown at [./src/hotspot/share/interpreter/linkResolver.cpp, line 773]
Event: 13.468 Thread 0x00000221498cd000 Exception <a 'java/lang/NoSuchMethodError'{0x00000000a8eb46b8}: 'java.lang.Object java.lang.invoke.DirectMethodHandle$Holder.invokeSpecial(java.lang.Object, java.lang.Object, java.lang.Object, java.lang.Object, int, int, java.lang.Object, java.lang.Object)'> (0x00000000a8eb46b8) thrown at [./src/hotspot/share/interpreter/linkResolver.cpp, line 773]
Event: 13.468 Thread 0x00000221498cd000 Exception <a 'java/lang/NoSuchMethodError'{0x00000000a8eb7ac8}: 'java.lang.Object java.lang.invoke.Invokers$Holder.linkToTargetMethod(java.lang.Object, java.lang.Object, int, int, java.lang.Object, java.lang.Object, java.lang.Object)'> (0x00000000a8eb7ac8) thrown at [./src/hotspot/share/interpreter/linkResolver.cpp, line 773]
Event: 13.480 Thread 0x00000221498cd000 Implicit null exception at 0x0000022154f31cf4 to 0x0000022154f31f0c
Event: 13.485 Thread 0x00000221498cd000 Exception <a 'java/lang/NoSuchMethodError'{0x00000000a8d7b6e8}: 'java.lang.Object java.lang.invoke.DirectMethodHandle$Holder.invokeStatic(java.lang.Object, java.lang.Object, java.lang.Object, int, int, java.lang.Object, java.lang.Object, java.lang.Object, java.lang.Object)'> (0x00000000a8d7b6e8) thrown at [./src/hotspot/share/interpreter/linkResolver.cpp, line 773]
Event: 13.598 Thread 0x00000221498cd000 Exception <a 'java/lang/NoSuchMethodError'{0x00000000a89be3e0}: 'java.lang.Object java.lang.invoke.DirectMethodHandle$Holder.invokeStatic(java.lang.Object, java.lang.Object, java.lang.Object, int, int, java.lang.Object, java.lang.Object, java.lang.Object)'> (0x00000000a89be3e0) thrown at [./src/hotspot/share/interpreter/linkResolver.cpp, line 773]
Event: 13.598 Thread 0x00000221498cd000 Exception <a 'java/lang/NoSuchMethodError'{0x00000000a89c6420}: 'java.lang.Object java.lang.invoke.DirectMethodHandle$Holder.invokeStatic(java.lang.Object, java.lang.Object, java.lang.Object, int, int)'> (0x00000000a89c6420) thrown at [./src/hotspot/share/interpreter/linkResolver.cpp, line 773]
Event: 13.599 Thread 0x00000221498cd000 Exception <a 'java/lang/NoSuchMethodError'{0x00000000a89c9c00}: 'java.lang.Object java.lang.invoke.DirectMethodHandle$Holder.invokeSpecial(java.lang.Object, java.lang.Object, java.lang.Object, java.lang.Object, int, int)'> (0x00000000a89c9c00) thrown at [./src/hotspot/share/interpreter/linkResolver.cpp, line 773]
Event: 13.599 Thread 0x00000221498cd000 Exception <a 'java/lang/NoSuchMethodError'{0x00000000a89ccd08}: 'java.lang.Object java.lang.invoke.Invokers$Holder.linkToTargetMethod(java.lang.Object, java.lang.Object, int, int, java.lang.Object)'> (0x00000000a89ccd08) thrown at [./src/hotspot/share/interpreter/linkResolver.cpp, line 773]
Event: 13.607 Thread 0x00000221498cd000 Exception <a 'java/lang/NoSuchMethodError'{0x00000000a89ef4a0}: 'java.lang.Object java.lang.invoke.DirectMethodHandle$Holder.invokeSpecial(java.lang.Object, java.lang.Object, int, int, java.lang.Object, java.lang.Object, java.lang.Object, java.lang.Object, java.lang.Object)'> (0x00000000a89ef4a0) thrown at [./src/hotspot/share/interpreter/linkResolver.cpp, line 773]

Events (20 events):
Event: 17.441 Thread 0x0000022162a04000 flushing nmethod 0x000002214dbf1610
Event: 17.441 Thread 0x0000022162a04000 flushing nmethod 0x000002214dbf2510
Event: 17.441 Thread 0x0000022162a04000 flushing nmethod 0x000002214dc03b90
Event: 17.441 Thread 0x0000022162a04000 flushing nmethod 0x000002214dc04690
Event: 17.441 Thread 0x0000022162a04000 flushing nmethod 0x000002214dc06710
Event: 17.441 Thread 0x0000022162a04000 flushing nmethod 0x000002214dc08f10
Event: 17.441 Thread 0x0000022162a04000 flushing nmethod 0x000002214dc09f90
Event: 17.441 Thread 0x0000022162a04000 flushing nmethod 0x000002214dc0a490
Event: 17.441 Thread 0x0000022162a04000 flushing nmethod 0x000002214dc0aa10
Event: 17.441 Thread 0x0000022162a04000 flushing nmethod 0x000002214dc0ba10
Event: 17.441 Thread 0x0000022162a04000 flushing nmethod 0x000002214dc0f010
Event: 17.441 Thread 0x0000022162a04000 flushing nmethod 0x000002214dc10c10
Event: 17.441 Thread 0x0000022162a04000 flushing nmethod 0x000002214dc12110
Event: 17.441 Thread 0x0000022162a04000 flushing nmethod 0x000002214dc12490
Event: 17.441 Thread 0x0000022162a04000 flushing nmethod 0x000002214dc12810
Event: 17.441 Thread 0x0000022162a04000 flushing nmethod 0x000002214dc1b310
Event: 17.441 Thread 0x0000022162a04000 flushing nmethod 0x000002214dc1c010
Event: 17.441 Thread 0x0000022162a04000 flushing nmethod 0x000002214dc1ce90
Event: 17.441 Thread 0x0000022162a04000 flushing nmethod 0x000002214dc27190
Event: 17.441 Thread 0x0000022162a04000 flushing nmethod 0x000002214dc3c990


Dynamic libraries:
0x00007ff6e58e0000 - 0x00007ff6e58ea000 	C:\Program Files\Android\Android Studio\jre\bin\java.exe
0x00007ffffdee0000 - 0x00007ffffe0e9000 	C:\WINDOWS\SYSTEM32\ntdll.dll
0x00007ffffd080000 - 0x00007ffffd13e000 	C:\WINDOWS\System32\KERNEL32.DLL
0x00007ffffb590000 - 0x00007ffffb90b000 	C:\WINDOWS\System32\KERNELBASE.dll
0x00007ffffba30000 - 0x00007ffffbb41000 	C:\WINDOWS\System32\ucrtbase.dll
0x00007fffe5c40000 - 0x00007fffe5c59000 	C:\Program Files\Android\Android Studio\jre\bin\jli.dll
0x00007fffe6800000 - 0x00007fffe6817000 	C:\Program Files\Android\Android Studio\jre\bin\VCRUNTIME140.dll
0x00007ffffd690000 - 0x00007ffffd83d000 	C:\WINDOWS\System32\USER32.dll
0x00007ffffb560000 - 0x00007ffffb586000 	C:\WINDOWS\System32\win32u.dll
0x00007fffe6980000 - 0x00007fffe6c25000 	C:\WINDOWS\WinSxS\amd64_microsoft.windows.common-controls_6595b64144ccf1df_6.0.22000.120_none_9d947278b86cc467\COMCTL32.dll
0x00007ffffc660000 - 0x00007ffffc689000 	C:\WINDOWS\System32\GDI32.dll
0x00007ffffd340000 - 0x00007ffffd3e3000 	C:\WINDOWS\System32\msvcrt.dll
0x00007ffffb910000 - 0x00007ffffba28000 	C:\WINDOWS\System32\gdi32full.dll
0x00007ffffbcc0000 - 0x00007ffffbd5d000 	C:\WINDOWS\System32\msvcp_win.dll
0x00007ffffd9a0000 - 0x00007ffffd9d2000 	C:\WINDOWS\System32\IMM32.DLL
0x00007fffd9310000 - 0x00007fffd93ad000 	C:\Program Files\Android\Android Studio\jre\bin\msvcp140.dll
0x00007fffc0b10000 - 0x00007fffc1612000 	C:\Program Files\Android\Android Studio\jre\bin\server\jvm.dll
0x00007ffffcf60000 - 0x00007ffffd00e000 	C:\WINDOWS\System32\ADVAPI32.dll
0x00007ffffc700000 - 0x00007ffffc79e000 	C:\WINDOWS\System32\sechost.dll
0x00007ffffdd80000 - 0x00007ffffdea0000 	C:\WINDOWS\System32\RPCRT4.dll
0x00007ffffd4d0000 - 0x00007ffffd4d8000 	C:\WINDOWS\System32\PSAPI.DLL
0x00007ffff5260000 - 0x00007ffff5269000 	C:\WINDOWS\SYSTEM32\WSOCK32.dll
0x00007ffff4e00000 - 0x00007ffff4e33000 	C:\WINDOWS\SYSTEM32\WINMM.dll
0x00007ffff3a50000 - 0x00007ffff3a5a000 	C:\WINDOWS\SYSTEM32\VERSION.dll
0x00007ffffd010000 - 0x00007ffffd07f000 	C:\WINDOWS\System32\WS2_32.dll
0x00007ffffa3f0000 - 0x00007ffffa408000 	C:\WINDOWS\SYSTEM32\kernel.appcore.dll
0x00007fffea5d0000 - 0x00007fffea5e1000 	C:\Program Files\Android\Android Studio\jre\bin\verify.dll
0x00007fffeb2f0000 - 0x00007fffeb511000 	C:\WINDOWS\SYSTEM32\DBGHELP.DLL
0x00007fffe6340000 - 0x00007fffe6371000 	C:\WINDOWS\SYSTEM32\dbgcore.DLL
0x00007ffffb470000 - 0x00007ffffb4ef000 	C:\WINDOWS\System32\bcryptPrimitives.dll
0x00007fffe1290000 - 0x00007fffe12b9000 	C:\Program Files\Android\Android Studio\jre\bin\java.dll
0x00007ffff4f70000 - 0x00007ffff4f7b000 	C:\Program Files\Android\Android Studio\jre\bin\jimage.dll
0x00007fffea5b0000 - 0x00007fffea5c8000 	C:\Program Files\Android\Android Studio\jre\bin\zip.dll
0x00007ffffc7a0000 - 0x00007ffffcf58000 	C:\WINDOWS\System32\SHELL32.dll
0x00007ffff9460000 - 0x00007ffff9cc5000 	C:\WINDOWS\SYSTEM32\windows.storage.dll
0x00007ffffc1f0000 - 0x00007ffffc568000 	C:\WINDOWS\System32\combase.dll
0x00007ffff92f0000 - 0x00007ffff9456000 	C:\WINDOWS\SYSTEM32\wintypes.dll
0x00007ffffc570000 - 0x00007ffffc65a000 	C:\WINDOWS\System32\SHCORE.dll
0x00007ffffdc30000 - 0x00007ffffdc8d000 	C:\WINDOWS\System32\shlwapi.dll
0x00007ffffb2e0000 - 0x00007ffffb301000 	C:\WINDOWS\SYSTEM32\profapi.dll
0x00007fffe1dc0000 - 0x00007fffe1dda000 	C:\Program Files\Android\Android Studio\jre\bin\net.dll
0x00007ffff3bc0000 - 0x00007ffff3cd4000 	C:\WINDOWS\SYSTEM32\WINHTTP.dll
0x00007ffffa880000 - 0x00007ffffa8e7000 	C:\WINDOWS\system32\mswsock.dll
0x00007fffe16e0000 - 0x00007fffe16f4000 	C:\Program Files\Android\Android Studio\jre\bin\nio.dll

dbghelp: loaded successfully - version: 4.0.5 - missing functions: none
symbol engine: initialized successfully - sym options: 0x614 - pdb path: .;C:\Program Files\Android\Android Studio\jre\bin;C:\WINDOWS\SYSTEM32;C:\WINDOWS\WinSxS\amd64_microsoft.windows.common-controls_6595b64144ccf1df_6.0.22000.120_none_9d947278b86cc467;C:\Program Files\Android\Android Studio\jre\bin\server

VM Arguments:
java_command: org.jetbrains.kotlin.cli.jvm.K2JVMCompiler @C:\Users\prog\AndroidStudioProjects\DocScan\app\build\20221206_13584812345117493734.compiler.options
java_class_path (initial): C:\Users\prog\.gradle\caches\modules-2\files-2.1\org.jetbrains.kotlin\kotlin-compiler-embeddable\1.7.10\909803167c98606fcf22b4c848647c68e351d48d\kotlin-compiler-embeddable-1.7.10.jar;C:\Users\prog\.gradle\caches\modules-2\files-2.1\org.jetbrains.kotlin\kotlin-reflect\1.7.10\165e600dfea6185cf5efa700756294cc4904dbeb\kotlin-reflect-1.7.10.jar;C:\Users\prog\.gradle\caches\modules-2\files-2.1\org.jetbrains.kotlin\kotlin-stdlib\1.7.10\d2abf9e77736acc4450dc4a3f707fa2c10f5099d\kotlin-stdlib-1.7.10.jar;C:\Users\prog\.gradle\caches\modules-2\files-2.1\org.jetbrains.kotlin\kotlin-script-runtime\1.7.10\c99c87a6988d8fd8d5142e9ed5c9f34a7cf561ee\kotlin-script-runtime-1.7.10.jar;C:\Users\prog\.gradle\caches\modules-2\files-2.1\org.jetbrains.kotlin\kotlin-daemon-embeddable\1.7.10\3a9f7aef7080d3ae63126cbba4f827ed664f32fa\kotlin-daemon-embeddable-1.7.10.jar;C:\Users\prog\.gradle\caches\modules-2\files-2.1\org.jetbrains.intellij.deps\trove4j\1.0.20200330\3afb14d5f9ceb459d724e907a21145e8ff394f02\trove4j-1.0.20200330.jar;C:\Users\prog\.gradle\caches\modules-2\files-2.1\net.java.dev.jna\jna\5.6.0\330f2244e9030119ab3030fc3fededc86713d9cc\jna-5.6.0.jar;C:\Users\prog\.gradle\caches\modules-2\files-2.1\org.jetbrains.kotlin\kotlin-stdlib-common\1.7.10\bac80c520d0a9e3f3673bc2658c6ed02ef45a76a\kotlin-stdlib-common-1.7.10.jar;C:\Users\prog\.gradle\caches\modules-2\files-2.1\org.jetbrains\annotations\13.0\919f0dfe192fb4e063e7dacadee7f8bb9a2672a9\annotations-13.0.jar
Launcher Type: SUN_STANDARD

[Global flags]
     intx CICompilerCount                          = 4                                         {product} {ergonomic}
     uint ConcGCThreads                            = 2                                         {product} {ergonomic}
     uint G1ConcRefinementThreads                  = 8                                         {product} {ergonomic}
   size_t G1HeapRegionSize                         = 1048576                                   {product} {ergonomic}
    uintx GCDrainStackTargetSize                   = 64                                        {product} {ergonomic}
   size_t InitialHeapSize                          = 100663296                                 {product} {ergonomic}
   size_t MarkStackSize                            = 4194304                                   {product} {ergonomic}
   size_t MaxHeapSize                              = 1593835520                                {product} {ergonomic}
   size_t MaxNewSize                               = 956301312                                 {product} {ergonomic}
   size_t MinHeapDeltaBytes                        = 1048576                                   {product} {ergonomic}
    uintx NonNMethodCodeHeapSize                   = 5836300                                {pd product} {ergonomic}
    uintx NonProfiledCodeHeapSize                  = 122910970                              {pd product} {ergonomic}
    uintx ProfiledCodeHeapSize                     = 122910970                              {pd product} {ergonomic}
    uintx ReservedCodeCacheSize                    = 251658240                              {pd product} {ergonomic}
     bool SegmentedCodeCache                       = true                                      {product} {ergonomic}
     bool UseCompressedClassPointers               = true                                 {lp64_product} {ergonomic}
     bool UseCompressedOops                        = true                                 {lp64_product} {ergonomic}
     bool UseG1GC                                  = true                                      {product} {ergonomic}
     bool UseLargePagesIndividualAllocation        = false                                  {pd product} {ergonomic}

Logging:
Log output configuration:
 #0: stdout all=warning uptime,level,tags
 #1: stderr all=off uptime,level,tags

Environment Variables:
JAVA_HOME=G:\java19
PATH=G:\VMware\VMware Workstation\bin\;C:\Program Files\Common Files\Oracle\Java\javapath;C:\Program Files (x86)\Common Files\Oracle\Java\javapath;C:\WINDOWS\system32;C:\WINDOWS;C:\WINDOWS\System32\Wbem;C:\WINDOWS\System32\WindowsPowerShell\v1.0\;C:\WINDOWS\System32\OpenSSH\;C:\Program Files\dotnet\;G:\Git\cmd;C:\Program Files\CMake\bin;C:\Program Files\nodejs\;C:\Program Files\PuTTY\;C:\Program Files\Cloudflare\Cloudflare WARP\;C:\Users\prog\AppData\Local\Microsoft\WindowsApps;
USERNAME=prog
OS=Windows_NT
PROCESSOR_IDENTIFIER=AMD64 Family 23 Model 24 Stepping 1, AuthenticAMD



---------------  S Y S T E M  ---------------

OS: Windows 11 , 64 bit Build 22000 (10.0.22000.1219)
OS uptime: 2 days 8:52 hours
Hyper-V role detected

CPU:total 8 (initial active 8) (8 cores per cpu, 2 threads per core) family 23 model 24 stepping 1 microcode 0x0, cmov, cx8, fxsr, mmx, sse, sse2, sse3, ssse3, sse4.1, sse4.2, popcnt, avx, avx2, aes, clmul, mmxext, 3dnowpref, lzcnt, sse4a, ht, tsc, tscinvbit, tscinv, bmi1, bmi2, adx, sha, fma

Memory: 4k page, system-wide physical 6077M (996M free)
TotalPageFile size 13795M (AvailPageFile size 7M)
current process WorkingSet (physical memory assigned to process): 461M, peak: 464M
current process commit charge ("private bytes"): 498M, peak: 501M

vm_info: OpenJDK 64-Bit Server VM (11.0.13+0-b1751.21-8125866) for windows-amd64 JRE (11.0.13+0-b1751.21-8125866), built on Feb  2 2022 03:00:22 by "builder" with MS VC++ 14.0 (VS2015)

END.
