#
# There is insufficient memory for the Java Runtime Environment to continue.
# Native memory allocation (malloc) failed to allocate 1099376 bytes for Chunk::new
# Possible reasons:
#   The system is out of physical RAM or swap space
#   The process is running with CompressedOops enabled, and the Java Heap may be blocking the growth of the native heap
# Possible solutions:
#   Reduce memory load on the system
#   Increase physical memory or swap space
#   Check if swap backing store is full
#   Decrease Java heap size (-Xmx/-Xms)
#   Decrease number of Java threads
#   Decrease Java thread stack sizes (-Xss)
#   Set larger code cache with -XX:ReservedCodeCacheSize=
#   JVM is running with Unscaled Compressed Oops mode in which the Java heap is
#     placed in the first 4GB address space. The Java Heap base address is the
#     maximum limit for the native heap growth. Please use -XX:HeapBaseMinAddress
#     to set the Java Heap base and to place the Java Heap above 4GB virtual address.
# This output file may be truncated or incomplete.
#
#  Out of Memory Error (./src/hotspot/share/memory/arena.cpp:197), pid=23808, tid=8156
#
# JRE version: OpenJDK Runtime Environment (11.0.13) (build 11.0.13+0-b1751.21-8125866)
# Java VM: OpenJDK 64-Bit Server VM (11.0.13+0-b1751.21-8125866, mixed mode, tiered, compressed oops, g1 gc, windows-amd64)
# No core dump will be written. Minidumps are not enabled by default on client versions of Windows
#

---------------  S U M M A R Y ------------

Command Line: org.jetbrains.kotlin.cli.jvm.K2JVMCompiler @C:\Users\prog\AndroidStudioProjects\DocScan\app\build\20221206_12377449284356082601.compiler.options

Host: AMD Ryzen 5 3550H with Radeon Vega Mobile Gfx  , 8 cores, 5G,  Windows 11 , 64 bit Build 22000 (10.0.22000.1219)
Time: Tue Dec  6 02:21:26 2022 RTZ 9 (зима) elapsed time: 17.129767 seconds (0d 0h 0m 17s)

---------------  T H R E A D  ---------------

Current thread (0x000001777bf3e800):  JavaThread "C2 CompilerThread0" daemon [_thread_in_native, id=8156, stack(0x0000006e83f00000,0x0000006e84000000)]


Current CompileTask:
C2:  17129 14341       4       org.jetbrains.kotlin.ir.util.IrFakeOverrideUtilsKt::collectAndFilterRealOverrides$collectRealOverrides (156 bytes)

Stack: [0x0000006e83f00000,0x0000006e84000000]
Native frames: (J=compiled Java code, j=interpreted, Vv=VM code, C=native code)
V  [jvm.dll+0x6100fa]
V  [jvm.dll+0x747090]
V  [jvm.dll+0x7486ad]
V  [jvm.dll+0x748d83]
V  [jvm.dll+0x24ab48]
V  [jvm.dll+0xc04dc]
V  [jvm.dll+0xc0a0c]
V  [jvm.dll+0x35eb9d]
V  [jvm.dll+0x32b833]
V  [jvm.dll+0x32ad2a]
V  [jvm.dll+0x2032b2]
V  [jvm.dll+0x202437]
V  [jvm.dll+0x188e01]
V  [jvm.dll+0x21106b]
V  [jvm.dll+0x20f8c1]
V  [jvm.dll+0x70de0f]
V  [jvm.dll+0x706a75]
V  [jvm.dll+0x60ed66]
C  [ucrtbase.dll+0x26c0c]
C  [KERNEL32.DLL+0x15550]
C  [ntdll.dll+0x485b]


---------------  P R O C E S S  ---------------

Threads class SMR info:
_java_thread_list=0x000001777e481680, length=12, elements={
0x0000017760e8d000, 0x000001777bf11000, 0x000001777bf1f000, 0x000001777c8d2800,
0x000001777bf38000, 0x000001777bf3c000, 0x000001777bf3e800, 0x000001777bf40000,
0x000001777bf46000, 0x000001777ca21000, 0x000001777e40f800, 0x000001777e37e800
}

Java Threads: ( => current thread )
  0x0000017760e8d000 JavaThread "main" [_thread_in_Java, id=17024, stack(0x0000006e83300000,0x0000006e83400000)]
  0x000001777bf11000 JavaThread "Reference Handler" daemon [_thread_blocked, id=25488, stack(0x0000006e83a00000,0x0000006e83b00000)]
  0x000001777bf1f000 JavaThread "Finalizer" daemon [_thread_blocked, id=1636, stack(0x0000006e83b00000,0x0000006e83c00000)]
  0x000001777c8d2800 JavaThread "Signal Dispatcher" daemon [_thread_blocked, id=24808, stack(0x0000006e83c00000,0x0000006e83d00000)]
  0x000001777bf38000 JavaThread "Attach Listener" daemon [_thread_blocked, id=23720, stack(0x0000006e83d00000,0x0000006e83e00000)]
  0x000001777bf3c000 JavaThread "Service Thread" daemon [_thread_blocked, id=9828, stack(0x0000006e83e00000,0x0000006e83f00000)]
=>0x000001777bf3e800 JavaThread "C2 CompilerThread0" daemon [_thread_in_native, id=8156, stack(0x0000006e83f00000,0x0000006e84000000)]
  0x000001777bf40000 JavaThread "C1 CompilerThread0" daemon [_thread_blocked, id=26224, stack(0x0000006e84000000,0x0000006e84100000)]
  0x000001777bf46000 JavaThread "Sweeper thread" daemon [_thread_blocked, id=25552, stack(0x0000006e84100000,0x0000006e84200000)]
  0x000001777ca21000 JavaThread "Common-Cleaner" daemon [_thread_blocked, id=26500, stack(0x0000006e84300000,0x0000006e84400000)]
  0x000001777e40f800 JavaThread "C2 CompilerThread1" daemon [_thread_in_native, id=5940, stack(0x0000006e84400000,0x0000006e84500000)]
  0x000001777e37e800 JavaThread "C2 CompilerThread2" daemon [_thread_blocked, id=12448, stack(0x0000006e84700000,0x0000006e84800000)]

Other Threads:
  0x000001777beec800 VMThread "VM Thread" [stack: 0x0000006e83900000,0x0000006e83a00000] [id=24424]
  0x000001777ca10000 WatcherThread [stack: 0x0000006e84200000,0x0000006e84300000] [id=17364]
  0x0000017760ea4800 GCTaskThread "GC Thread#0" [stack: 0x0000006e83400000,0x0000006e83500000] [id=24456]
  0x000001777cf5f000 GCTaskThread "GC Thread#1" [stack: 0x0000006e84600000,0x0000006e84700000] [id=23636]
  0x000001777d2f7800 GCTaskThread "GC Thread#2" [stack: 0x0000006e84800000,0x0000006e84900000] [id=20588]
  0x00000177036d1000 GCTaskThread "GC Thread#3" [stack: 0x0000006e84900000,0x0000006e84a00000] [id=15416]
  0x0000017760eca000 ConcurrentGCThread "G1 Main Marker" [stack: 0x0000006e83500000,0x0000006e83600000] [id=7892]
  0x0000017760ecc000 ConcurrentGCThread "G1 Conc#0" [stack: 0x0000006e83600000,0x0000006e83700000] [id=13720]
  0x000001777d2f6800 ConcurrentGCThread "G1 Conc#1" [stack: 0x0000006e84500000,0x0000006e84600000] [id=21124]
  0x0000017760f52000 ConcurrentGCThread "G1 Refine#0" [stack: 0x0000006e83700000,0x0000006e83800000] [id=8748]
  0x0000017705430800 ConcurrentGCThread "G1 Refine#1" [stack: 0x0000006e84a00000,0x0000006e84b00000] [id=19240]
  0x0000017701e1f800 ConcurrentGCThread "G1 Refine#2" [stack: 0x0000006e84b00000,0x0000006e84c00000] [id=16112]
  0x000001770308b000 ConcurrentGCThread "G1 Refine#3" [stack: 0x0000006e84c00000,0x0000006e84d00000] [id=16628]
  0x0000017760f55000 ConcurrentGCThread "G1 Young RemSet Sampling" [stack: 0x0000006e83800000,0x0000006e83900000] [id=15432]

Threads with active compile tasks:
C2 CompilerThread0  17151 14341       4       org.jetbrains.kotlin.ir.util.IrFakeOverrideUtilsKt::collectAndFilterRealOverrides$collectRealOverrides (156 bytes)
C2 CompilerThread1  17151 14115       4       org.jetbrains.kotlin.backend.jvm.lower.BridgeLowering::createBridges (1006 bytes)

VM state:not at safepoint (normal execution)

VM Mutex/Monitor currently owned by a thread: None

Heap address: 0x00000000a1000000, size: 1520 MB, Compressed Oops mode: 32-bit
Narrow klass base: 0x0000000000000000, Narrow klass shift: 3
Compressed class space size: 1073741824 Address: 0x0000000100000000

Heap:
 garbage-first heap   total 192512K, used 116009K [0x00000000a1000000, 0x0000000100000000)
  region size 1024K, 36 young (36864K), 6 survivors (6144K)
 Metaspace       used 84716K, capacity 85615K, committed 85760K, reserved 1126400K
  class space    used 9032K, capacity 9381K, committed 9472K, reserved 1048576K
Heap Regions: E=young(eden), S=young(survivor), O=old, HS=humongous(starts), HC=humongous(continues), CS=collection set, F=free, A=archive, TAMS=top-at-mark-start (previous, next)
|   0|0x00000000a1000000, 0x00000000a1100000, 0x00000000a1100000|100%|HS|  |TAMS 0x00000000a1100000, 0x00000000a1000000| Complete 
|   1|0x00000000a1100000, 0x00000000a1200000, 0x00000000a1200000|100%|HC|  |TAMS 0x00000000a1200000, 0x00000000a1100000| Complete 
|   2|0x00000000a1200000, 0x00000000a1300000, 0x00000000a1300000|100%|HC|  |TAMS 0x00000000a1300000, 0x00000000a1200000| Complete 
|   3|0x00000000a1300000, 0x00000000a1400000, 0x00000000a1400000|100%| O|  |TAMS 0x00000000a1400000, 0x00000000a1300000| Untracked 
|   4|0x00000000a1400000, 0x00000000a1500000, 0x00000000a1500000|100%| O|  |TAMS 0x00000000a1500000, 0x00000000a1400000| Untracked 
|   5|0x00000000a1500000, 0x00000000a1600000, 0x00000000a1600000|100%|HS|  |TAMS 0x00000000a1600000, 0x00000000a1500000| Complete 
|   6|0x00000000a1600000, 0x00000000a1700000, 0x00000000a1700000|100%|HC|  |TAMS 0x00000000a1700000, 0x00000000a1600000| Complete 
|   7|0x00000000a1700000, 0x00000000a1800000, 0x00000000a1800000|100%|HC|  |TAMS 0x00000000a1800000, 0x00000000a1700000| Complete 
|   8|0x00000000a1800000, 0x00000000a1900000, 0x00000000a1900000|100%| O|  |TAMS 0x00000000a1900000, 0x00000000a1800000| Untracked 
|   9|0x00000000a1900000, 0x00000000a1a00000, 0x00000000a1a00000|100%| O|  |TAMS 0x00000000a1a00000, 0x00000000a1900000| Untracked 
|  10|0x00000000a1a00000, 0x00000000a1b00000, 0x00000000a1b00000|100%| O|  |TAMS 0x00000000a1b00000, 0x00000000a1a00000| Untracked 
|  11|0x00000000a1b00000, 0x00000000a1c00000, 0x00000000a1c00000|100%| O|  |TAMS 0x00000000a1c00000, 0x00000000a1b00000| Untracked 
|  12|0x00000000a1c00000, 0x00000000a1d00000, 0x00000000a1d00000|100%| O|  |TAMS 0x00000000a1d00000, 0x00000000a1c00000| Untracked 
|  13|0x00000000a1d00000, 0x00000000a1e00000, 0x00000000a1e00000|100%| O|  |TAMS 0x00000000a1e00000, 0x00000000a1d00000| Untracked 
|  14|0x00000000a1e00000, 0x00000000a1f00000, 0x00000000a1f00000|100%| O|  |TAMS 0x00000000a1f00000, 0x00000000a1e00000| Untracked 
|  15|0x00000000a1f00000, 0x00000000a2000000, 0x00000000a2000000|100%| O|  |TAMS 0x00000000a2000000, 0x00000000a1f00000| Untracked 
|  16|0x00000000a2000000, 0x00000000a2100000, 0x00000000a2100000|100%| O|  |TAMS 0x00000000a2100000, 0x00000000a2000000| Untracked 
|  17|0x00000000a2100000, 0x00000000a2200000, 0x00000000a2200000|100%| O|  |TAMS 0x00000000a2200000, 0x00000000a2100000| Untracked 
|  18|0x00000000a2200000, 0x00000000a2300000, 0x00000000a2300000|100%| O|  |TAMS 0x00000000a2300000, 0x00000000a2200000| Untracked 
|  19|0x00000000a2300000, 0x00000000a2400000, 0x00000000a2400000|100%| O|  |TAMS 0x00000000a2400000, 0x00000000a2300000| Untracked 
|  20|0x00000000a2400000, 0x00000000a2500000, 0x00000000a2500000|100%| O|  |TAMS 0x00000000a2500000, 0x00000000a2400000| Untracked 
|  21|0x00000000a2500000, 0x00000000a2600000, 0x00000000a2600000|100%| O|  |TAMS 0x00000000a2600000, 0x00000000a2500000| Untracked 
|  22|0x00000000a2600000, 0x00000000a2700000, 0x00000000a2700000|100%| O|  |TAMS 0x00000000a2700000, 0x00000000a2600000| Untracked 
|  23|0x00000000a2700000, 0x00000000a2800000, 0x00000000a2800000|100%| O|  |TAMS 0x00000000a2800000, 0x00000000a2700000| Untracked 
|  24|0x00000000a2800000, 0x00000000a2900000, 0x00000000a2900000|100%|HS|  |TAMS 0x00000000a2900000, 0x00000000a2800000| Complete 
|  25|0x00000000a2900000, 0x00000000a2a00000, 0x00000000a2a00000|100%|HC|  |TAMS 0x00000000a2a00000, 0x00000000a2900000| Complete 
|  26|0x00000000a2a00000, 0x00000000a2b00000, 0x00000000a2b00000|100%| O|  |TAMS 0x00000000a2b00000, 0x00000000a2a00000| Untracked 
|  27|0x00000000a2b00000, 0x00000000a2c00000, 0x00000000a2c00000|100%| O|  |TAMS 0x00000000a2c00000, 0x00000000a2b00000| Untracked 
|  28|0x00000000a2c00000, 0x00000000a2d00000, 0x00000000a2d00000|100%| O|  |TAMS 0x00000000a2d00000, 0x00000000a2c00000| Untracked 
|  29|0x00000000a2d00000, 0x00000000a2e00000, 0x00000000a2e00000|100%| O|  |TAMS 0x00000000a2e00000, 0x00000000a2d00000| Untracked 
|  30|0x00000000a2e00000, 0x00000000a2f00000, 0x00000000a2f00000|100%| O|  |TAMS 0x00000000a2f00000, 0x00000000a2e00000| Untracked 
|  31|0x00000000a2f00000, 0x00000000a3000000, 0x00000000a3000000|100%| O|  |TAMS 0x00000000a3000000, 0x00000000a2f00000| Untracked 
|  32|0x00000000a3000000, 0x00000000a3100000, 0x00000000a3100000|100%| O|  |TAMS 0x00000000a3100000, 0x00000000a3000000| Untracked 
|  33|0x00000000a3100000, 0x00000000a3200000, 0x00000000a3200000|100%| O|  |TAMS 0x00000000a3200000, 0x00000000a3100000| Untracked 
|  34|0x00000000a3200000, 0x00000000a3300000, 0x00000000a3300000|100%| O|  |TAMS 0x00000000a3300000, 0x00000000a3200000| Untracked 
|  35|0x00000000a3300000, 0x00000000a3400000, 0x00000000a3400000|100%| O|  |TAMS 0x00000000a3400000, 0x00000000a3300000| Untracked 
|  36|0x00000000a3400000, 0x00000000a3500000, 0x00000000a3500000|100%| O|  |TAMS 0x00000000a3500000, 0x00000000a3400000| Untracked 
|  37|0x00000000a3500000, 0x00000000a3600000, 0x00000000a3600000|100%| O|  |TAMS 0x00000000a3600000, 0x00000000a3500000| Untracked 
|  38|0x00000000a3600000, 0x00000000a3700000, 0x00000000a3700000|100%| O|  |TAMS 0x00000000a3700000, 0x00000000a3600000| Untracked 
|  39|0x00000000a3700000, 0x00000000a3800000, 0x00000000a3800000|100%| O|  |TAMS 0x00000000a3800000, 0x00000000a3700000| Untracked 
|  40|0x00000000a3800000, 0x00000000a3900000, 0x00000000a3900000|100%| O|  |TAMS 0x00000000a3900000, 0x00000000a3800000| Untracked 
|  41|0x00000000a3900000, 0x00000000a3a00000, 0x00000000a3a00000|100%| O|  |TAMS 0x00000000a3a00000, 0x00000000a3900000| Untracked 
|  42|0x00000000a3a00000, 0x00000000a3b00000, 0x00000000a3b00000|100%| O|  |TAMS 0x00000000a3b00000, 0x00000000a3a00000| Untracked 
|  43|0x00000000a3b00000, 0x00000000a3c00000, 0x00000000a3c00000|100%| O|  |TAMS 0x00000000a3c00000, 0x00000000a3b00000| Untracked 
|  44|0x00000000a3c00000, 0x00000000a3d00000, 0x00000000a3d00000|100%| O|  |TAMS 0x00000000a3d00000, 0x00000000a3c00000| Untracked 
|  45|0x00000000a3d00000, 0x00000000a3e00000, 0x00000000a3e00000|100%| O|  |TAMS 0x00000000a3e00000, 0x00000000a3d00000| Untracked 
|  46|0x00000000a3e00000, 0x00000000a3f00000, 0x00000000a3f00000|100%| O|  |TAMS 0x00000000a3f00000, 0x00000000a3e00000| Untracked 
|  47|0x00000000a3f00000, 0x00000000a4000000, 0x00000000a4000000|100%| O|  |TAMS 0x00000000a3f80000, 0x00000000a3f00000| Untracked 
|  48|0x00000000a4000000, 0x00000000a4100000, 0x00000000a4100000|100%| O|  |TAMS 0x00000000a4000000, 0x00000000a4000000| Untracked 
|  49|0x00000000a4100000, 0x00000000a4200000, 0x00000000a4200000|100%| O|  |TAMS 0x00000000a4100000, 0x00000000a4100000| Untracked 
|  50|0x00000000a4200000, 0x00000000a4300000, 0x00000000a4300000|100%| O|  |TAMS 0x00000000a4200000, 0x00000000a4200000| Untracked 
|  51|0x00000000a4300000, 0x00000000a4400000, 0x00000000a4400000|100%| O|  |TAMS 0x00000000a4300000, 0x00000000a4300000| Untracked 
|  52|0x00000000a4400000, 0x00000000a4500000, 0x00000000a4500000|100%| O|  |TAMS 0x00000000a4400000, 0x00000000a4400000| Untracked 
|  53|0x00000000a4500000, 0x00000000a4600000, 0x00000000a4600000|100%| O|  |TAMS 0x00000000a4500000, 0x00000000a4500000| Untracked 
|  54|0x00000000a4600000, 0x00000000a4700000, 0x00000000a4700000|100%| O|  |TAMS 0x00000000a4600000, 0x00000000a4600000| Untracked 
|  55|0x00000000a4700000, 0x00000000a4800000, 0x00000000a4800000|100%| O|  |TAMS 0x00000000a4700000, 0x00000000a4700000| Untracked 
|  56|0x00000000a4800000, 0x00000000a4900000, 0x00000000a4900000|100%| O|  |TAMS 0x00000000a4800000, 0x00000000a4800000| Untracked 
|  57|0x00000000a4900000, 0x00000000a4a00000, 0x00000000a4a00000|100%| O|  |TAMS 0x00000000a4900000, 0x00000000a4900000| Untracked 
|  58|0x00000000a4a00000, 0x00000000a4b00000, 0x00000000a4b00000|100%| O|  |TAMS 0x00000000a4a00000, 0x00000000a4a00000| Untracked 
|  59|0x00000000a4b00000, 0x00000000a4c00000, 0x00000000a4c00000|100%| O|  |TAMS 0x00000000a4b00000, 0x00000000a4b00000| Untracked 
|  60|0x00000000a4c00000, 0x00000000a4d00000, 0x00000000a4d00000|100%| O|  |TAMS 0x00000000a4c00000, 0x00000000a4c00000| Untracked 
|  61|0x00000000a4d00000, 0x00000000a4e00000, 0x00000000a4e00000|100%| O|  |TAMS 0x00000000a4d00000, 0x00000000a4d00000| Untracked 
|  62|0x00000000a4e00000, 0x00000000a4f00000, 0x00000000a4f00000|100%| O|  |TAMS 0x00000000a4e00000, 0x00000000a4e00000| Untracked 
|  63|0x00000000a4f00000, 0x00000000a5000000, 0x00000000a5000000|100%| O|  |TAMS 0x00000000a4f00000, 0x00000000a4f00000| Untracked 
|  64|0x00000000a5000000, 0x00000000a5100000, 0x00000000a5100000|100%| O|  |TAMS 0x00000000a5000000, 0x00000000a5000000| Untracked 
|  65|0x00000000a5100000, 0x00000000a5200000, 0x00000000a5200000|100%| O|  |TAMS 0x00000000a5100000, 0x00000000a5100000| Untracked 
|  66|0x00000000a5200000, 0x00000000a5300000, 0x00000000a5300000|100%| O|  |TAMS 0x00000000a5200000, 0x00000000a5200000| Untracked 
|  67|0x00000000a5300000, 0x00000000a5400000, 0x00000000a5400000|100%| O|  |TAMS 0x00000000a5300000, 0x00000000a5300000| Untracked 
|  68|0x00000000a5400000, 0x00000000a5500000, 0x00000000a5500000|100%| O|  |TAMS 0x00000000a5400000, 0x00000000a5400000| Untracked 
|  69|0x00000000a5500000, 0x00000000a5600000, 0x00000000a5600000|100%| O|  |TAMS 0x00000000a5500000, 0x00000000a5500000| Untracked 
|  70|0x00000000a5600000, 0x00000000a5700000, 0x00000000a5700000|100%| O|  |TAMS 0x00000000a5600000, 0x00000000a5600000| Untracked 
|  71|0x00000000a5700000, 0x00000000a5800000, 0x00000000a5800000|100%| O|  |TAMS 0x00000000a5700000, 0x00000000a5700000| Untracked 
|  72|0x00000000a5800000, 0x00000000a5900000, 0x00000000a5900000|100%| O|  |TAMS 0x00000000a5800000, 0x00000000a5800000| Untracked 
|  73|0x00000000a5900000, 0x00000000a5a00000, 0x00000000a5a00000|100%| O|  |TAMS 0x00000000a5900000, 0x00000000a5900000| Untracked 
|  74|0x00000000a5a00000, 0x00000000a5b00000, 0x00000000a5b00000|100%| O|  |TAMS 0x00000000a5a00000, 0x00000000a5a00000| Untracked 
|  75|0x00000000a5b00000, 0x00000000a5c00000, 0x00000000a5c00000|100%| O|  |TAMS 0x00000000a5b00000, 0x00000000a5b00000| Untracked 
|  76|0x00000000a5c00000, 0x00000000a5d00000, 0x00000000a5d00000|100%| O|  |TAMS 0x00000000a5c00000, 0x00000000a5c00000| Untracked 
|  77|0x00000000a5d00000, 0x00000000a5e00000, 0x00000000a5e00000|100%| O|  |TAMS 0x00000000a5d00000, 0x00000000a5d00000| Untracked 
|  78|0x00000000a5e00000, 0x00000000a5e97600, 0x00000000a5f00000| 59%| O|  |TAMS 0x00000000a5e00000, 0x00000000a5e00000| Untracked 
|  79|0x00000000a5f00000, 0x00000000a5f00000, 0x00000000a6000000|  0%| F|  |TAMS 0x00000000a5f00000, 0x00000000a5f00000| Untracked 
|  80|0x00000000a6000000, 0x00000000a6000000, 0x00000000a6100000|  0%| F|  |TAMS 0x00000000a6000000, 0x00000000a6000000| Untracked 
|  81|0x00000000a6100000, 0x00000000a6100000, 0x00000000a6200000|  0%| F|  |TAMS 0x00000000a6100000, 0x00000000a6100000| Untracked 
|  82|0x00000000a6200000, 0x00000000a6200000, 0x00000000a6300000|  0%| F|  |TAMS 0x00000000a6200000, 0x00000000a6200000| Untracked 
|  83|0x00000000a6300000, 0x00000000a6300000, 0x00000000a6400000|  0%| F|  |TAMS 0x00000000a6300000, 0x00000000a6300000| Untracked 
|  84|0x00000000a6400000, 0x00000000a6400000, 0x00000000a6500000|  0%| F|  |TAMS 0x00000000a6400000, 0x00000000a6400000| Untracked 
|  85|0x00000000a6500000, 0x00000000a6500000, 0x00000000a6600000|  0%| F|  |TAMS 0x00000000a6500000, 0x00000000a6500000| Untracked 
|  86|0x00000000a6600000, 0x00000000a6600000, 0x00000000a6700000|  0%| F|  |TAMS 0x00000000a6600000, 0x00000000a6600000| Untracked 
|  87|0x00000000a6700000, 0x00000000a6700000, 0x00000000a6800000|  0%| F|  |TAMS 0x00000000a6700000, 0x00000000a6700000| Untracked 
|  88|0x00000000a6800000, 0x00000000a6800000, 0x00000000a6900000|  0%| F|  |TAMS 0x00000000a6800000, 0x00000000a6800000| Untracked 
|  89|0x00000000a6900000, 0x00000000a6900000, 0x00000000a6a00000|  0%| F|  |TAMS 0x00000000a6900000, 0x00000000a6900000| Untracked 
|  90|0x00000000a6a00000, 0x00000000a6a00000, 0x00000000a6b00000|  0%| F|  |TAMS 0x00000000a6a00000, 0x00000000a6a00000| Untracked 
|  91|0x00000000a6b00000, 0x00000000a6b00000, 0x00000000a6c00000|  0%| F|  |TAMS 0x00000000a6b00000, 0x00000000a6b00000| Untracked 
|  92|0x00000000a6c00000, 0x00000000a6c00000, 0x00000000a6d00000|  0%| F|  |TAMS 0x00000000a6c00000, 0x00000000a6c00000| Untracked 
|  93|0x00000000a6d00000, 0x00000000a6d00000, 0x00000000a6e00000|  0%| F|  |TAMS 0x00000000a6d00000, 0x00000000a6d00000| Untracked 
|  94|0x00000000a6e00000, 0x00000000a6e00000, 0x00000000a6f00000|  0%| F|  |TAMS 0x00000000a6e00000, 0x00000000a6e00000| Untracked 
|  95|0x00000000a6f00000, 0x00000000a6f00000, 0x00000000a7000000|  0%| F|  |TAMS 0x00000000a6f00000, 0x00000000a6f00000| Untracked 
|  96|0x00000000a7000000, 0x00000000a7000000, 0x00000000a7100000|  0%| F|  |TAMS 0x00000000a7000000, 0x00000000a7000000| Untracked 
|  97|0x00000000a7100000, 0x00000000a7100000, 0x00000000a7200000|  0%| F|  |TAMS 0x00000000a7100000, 0x00000000a7100000| Untracked 
|  98|0x00000000a7200000, 0x00000000a7200000, 0x00000000a7300000|  0%| F|  |TAMS 0x00000000a7200000, 0x00000000a7200000| Untracked 
|  99|0x00000000a7300000, 0x00000000a7300000, 0x00000000a7400000|  0%| F|  |TAMS 0x00000000a7300000, 0x00000000a7300000| Untracked 
| 100|0x00000000a7400000, 0x00000000a7400000, 0x00000000a7500000|  0%| F|  |TAMS 0x00000000a7400000, 0x00000000a7400000| Untracked 
| 101|0x00000000a7500000, 0x00000000a7500000, 0x00000000a7600000|  0%| F|  |TAMS 0x00000000a7500000, 0x00000000a7500000| Untracked 
| 102|0x00000000a7600000, 0x00000000a7600000, 0x00000000a7700000|  0%| F|  |TAMS 0x00000000a7600000, 0x00000000a7600000| Untracked 
| 103|0x00000000a7700000, 0x00000000a7700000, 0x00000000a7800000|  0%| F|  |TAMS 0x00000000a7700000, 0x00000000a7700000| Untracked 
| 104|0x00000000a7800000, 0x00000000a7800000, 0x00000000a7900000|  0%| F|  |TAMS 0x00000000a7800000, 0x00000000a7800000| Untracked 
| 105|0x00000000a7900000, 0x00000000a7900000, 0x00000000a7a00000|  0%| F|  |TAMS 0x00000000a7900000, 0x00000000a7900000| Untracked 
| 106|0x00000000a7a00000, 0x00000000a7a00000, 0x00000000a7b00000|  0%| F|  |TAMS 0x00000000a7a00000, 0x00000000a7a00000| Untracked 
| 107|0x00000000a7b00000, 0x00000000a7b00000, 0x00000000a7c00000|  0%| F|  |TAMS 0x00000000a7b00000, 0x00000000a7b00000| Untracked 
| 108|0x00000000a7c00000, 0x00000000a7c00000, 0x00000000a7d00000|  0%| F|  |TAMS 0x00000000a7c00000, 0x00000000a7c00000| Untracked 
| 109|0x00000000a7d00000, 0x00000000a7d00000, 0x00000000a7e00000|  0%| F|  |TAMS 0x00000000a7d00000, 0x00000000a7d00000| Untracked 
| 110|0x00000000a7e00000, 0x00000000a7e00000, 0x00000000a7f00000|  0%| F|  |TAMS 0x00000000a7e00000, 0x00000000a7e00000| Untracked 
| 111|0x00000000a7f00000, 0x00000000a7f00000, 0x00000000a8000000|  0%| F|  |TAMS 0x00000000a7f00000, 0x00000000a7f00000| Untracked 
| 112|0x00000000a8000000, 0x00000000a8000000, 0x00000000a8100000|  0%| F|  |TAMS 0x00000000a8000000, 0x00000000a8000000| Untracked 
| 113|0x00000000a8100000, 0x00000000a8100000, 0x00000000a8200000|  0%| F|  |TAMS 0x00000000a8100000, 0x00000000a8100000| Untracked 
| 114|0x00000000a8200000, 0x00000000a8200000, 0x00000000a8300000|  0%| F|  |TAMS 0x00000000a8200000, 0x00000000a8200000| Untracked 
| 115|0x00000000a8300000, 0x00000000a83b2f60, 0x00000000a8400000| 69%| S|CS|TAMS 0x00000000a8300000, 0x00000000a8300000| Complete 
| 116|0x00000000a8400000, 0x00000000a8500000, 0x00000000a8500000|100%| S|CS|TAMS 0x00000000a8400000, 0x00000000a8400000| Complete 
| 117|0x00000000a8500000, 0x00000000a8600000, 0x00000000a8600000|100%| S|CS|TAMS 0x00000000a8500000, 0x00000000a8500000| Complete 
| 118|0x00000000a8600000, 0x00000000a8700000, 0x00000000a8700000|100%| S|CS|TAMS 0x00000000a8600000, 0x00000000a8600000| Complete 
| 119|0x00000000a8700000, 0x00000000a8800000, 0x00000000a8800000|100%| S|CS|TAMS 0x00000000a8700000, 0x00000000a8700000| Complete 
| 120|0x00000000a8800000, 0x00000000a8900000, 0x00000000a8900000|100%| S|CS|TAMS 0x00000000a8800000, 0x00000000a8800000| Complete 
| 121|0x00000000a8900000, 0x00000000a8900000, 0x00000000a8a00000|  0%| F|  |TAMS 0x00000000a8900000, 0x00000000a8900000| Untracked 
| 122|0x00000000a8a00000, 0x00000000a8a00000, 0x00000000a8b00000|  0%| F|  |TAMS 0x00000000a8a00000, 0x00000000a8a00000| Untracked 
| 123|0x00000000a8b00000, 0x00000000a8b00000, 0x00000000a8c00000|  0%| F|  |TAMS 0x00000000a8b00000, 0x00000000a8b00000| Untracked 
| 124|0x00000000a8c00000, 0x00000000a8c00000, 0x00000000a8d00000|  0%| F|  |TAMS 0x00000000a8c00000, 0x00000000a8c00000| Untracked 
| 125|0x00000000a8d00000, 0x00000000a8d00000, 0x00000000a8e00000|  0%| F|  |TAMS 0x00000000a8d00000, 0x00000000a8d00000| Untracked 
| 126|0x00000000a8e00000, 0x00000000a8e00000, 0x00000000a8f00000|  0%| F|  |TAMS 0x00000000a8e00000, 0x00000000a8e00000| Untracked 
| 127|0x00000000a8f00000, 0x00000000a8f00000, 0x00000000a9000000|  0%| F|  |TAMS 0x00000000a8f00000, 0x00000000a8f00000| Untracked 
| 128|0x00000000a9000000, 0x00000000a9000000, 0x00000000a9100000|  0%| F|  |TAMS 0x00000000a9000000, 0x00000000a9000000| Untracked 
| 129|0x00000000a9100000, 0x00000000a9100000, 0x00000000a9200000|  0%| F|  |TAMS 0x00000000a9100000, 0x00000000a9100000| Untracked 
| 130|0x00000000a9200000, 0x00000000a9200000, 0x00000000a9300000|  0%| F|  |TAMS 0x00000000a9200000, 0x00000000a9200000| Untracked 
| 131|0x00000000a9300000, 0x00000000a9300000, 0x00000000a9400000|  0%| F|  |TAMS 0x00000000a9300000, 0x00000000a9300000| Untracked 
| 132|0x00000000a9400000, 0x00000000a9400000, 0x00000000a9500000|  0%| F|  |TAMS 0x00000000a9400000, 0x00000000a9400000| Untracked 
| 133|0x00000000a9500000, 0x00000000a9500000, 0x00000000a9600000|  0%| F|  |TAMS 0x00000000a9500000, 0x00000000a9500000| Untracked 
| 134|0x00000000a9600000, 0x00000000a9600000, 0x00000000a9700000|  0%| F|  |TAMS 0x00000000a9600000, 0x00000000a9600000| Untracked 
| 135|0x00000000a9700000, 0x00000000a9700000, 0x00000000a9800000|  0%| F|  |TAMS 0x00000000a9700000, 0x00000000a9700000| Untracked 
| 136|0x00000000a9800000, 0x00000000a9800000, 0x00000000a9900000|  0%| F|  |TAMS 0x00000000a9800000, 0x00000000a9800000| Untracked 
| 137|0x00000000a9900000, 0x00000000a9900000, 0x00000000a9a00000|  0%| F|  |TAMS 0x00000000a9900000, 0x00000000a9900000| Untracked 
| 138|0x00000000a9a00000, 0x00000000a9a00000, 0x00000000a9b00000|  0%| F|  |TAMS 0x00000000a9a00000, 0x00000000a9a00000| Untracked 
| 139|0x00000000a9b00000, 0x00000000a9b00000, 0x00000000a9c00000|  0%| F|  |TAMS 0x00000000a9b00000, 0x00000000a9b00000| Untracked 
| 140|0x00000000a9c00000, 0x00000000a9c00000, 0x00000000a9d00000|  0%| F|  |TAMS 0x00000000a9c00000, 0x00000000a9c00000| Untracked 
| 141|0x00000000a9d00000, 0x00000000a9d00000, 0x00000000a9e00000|  0%| F|  |TAMS 0x00000000a9d00000, 0x00000000a9d00000| Untracked 
| 142|0x00000000a9e00000, 0x00000000a9e00000, 0x00000000a9f00000|  0%| F|  |TAMS 0x00000000a9e00000, 0x00000000a9e00000| Untracked 
| 143|0x00000000a9f00000, 0x00000000a9f00000, 0x00000000aa000000|  0%| F|  |TAMS 0x00000000a9f00000, 0x00000000a9f00000| Untracked 
| 144|0x00000000aa000000, 0x00000000aa000000, 0x00000000aa100000|  0%| F|  |TAMS 0x00000000aa000000, 0x00000000aa000000| Untracked 
| 145|0x00000000aa100000, 0x00000000aa100000, 0x00000000aa200000|  0%| F|  |TAMS 0x00000000aa100000, 0x00000000aa100000| Untracked 
| 146|0x00000000aa200000, 0x00000000aa200000, 0x00000000aa300000|  0%| F|  |TAMS 0x00000000aa200000, 0x00000000aa200000| Untracked 
| 147|0x00000000aa300000, 0x00000000aa300000, 0x00000000aa400000|  0%| F|  |TAMS 0x00000000aa300000, 0x00000000aa300000| Untracked 
| 148|0x00000000aa400000, 0x00000000aa400000, 0x00000000aa500000|  0%| F|  |TAMS 0x00000000aa400000, 0x00000000aa400000| Untracked 
| 149|0x00000000aa500000, 0x00000000aa500000, 0x00000000aa600000|  0%| F|  |TAMS 0x00000000aa500000, 0x00000000aa500000| Untracked 
| 150|0x00000000aa600000, 0x00000000aa600000, 0x00000000aa700000|  0%| F|  |TAMS 0x00000000aa600000, 0x00000000aa600000| Untracked 
| 151|0x00000000aa700000, 0x00000000aa700000, 0x00000000aa800000|  0%| F|  |TAMS 0x00000000aa700000, 0x00000000aa700000| Untracked 
| 152|0x00000000aa800000, 0x00000000aa800000, 0x00000000aa900000|  0%| F|  |TAMS 0x00000000aa800000, 0x00000000aa800000| Untracked 
| 153|0x00000000aa900000, 0x00000000aa900000, 0x00000000aaa00000|  0%| F|  |TAMS 0x00000000aa900000, 0x00000000aa900000| Untracked 
| 154|0x00000000aaa00000, 0x00000000aaa00000, 0x00000000aab00000|  0%| F|  |TAMS 0x00000000aaa00000, 0x00000000aaa00000| Untracked 
| 155|0x00000000aab00000, 0x00000000aab00000, 0x00000000aac00000|  0%| F|  |TAMS 0x00000000aab00000, 0x00000000aab00000| Untracked 
| 156|0x00000000aac00000, 0x00000000aac00000, 0x00000000aad00000|  0%| F|  |TAMS 0x00000000aac00000, 0x00000000aac00000| Untracked 
| 157|0x00000000aad00000, 0x00000000aad00000, 0x00000000aae00000|  0%| F|  |TAMS 0x00000000aad00000, 0x00000000aad00000| Untracked 
| 158|0x00000000aae00000, 0x00000000aaed6e48, 0x00000000aaf00000| 83%| E|  |TAMS 0x00000000aae00000, 0x00000000aae00000| Complete 
| 159|0x00000000aaf00000, 0x00000000ab000000, 0x00000000ab000000|100%| E|CS|TAMS 0x00000000aaf00000, 0x00000000aaf00000| Complete 
| 160|0x00000000ab000000, 0x00000000ab100000, 0x00000000ab100000|100%| E|CS|TAMS 0x00000000ab000000, 0x00000000ab000000| Complete 
| 161|0x00000000ab100000, 0x00000000ab200000, 0x00000000ab200000|100%| E|CS|TAMS 0x00000000ab100000, 0x00000000ab100000| Complete 
| 162|0x00000000ab200000, 0x00000000ab300000, 0x00000000ab300000|100%| E|CS|TAMS 0x00000000ab200000, 0x00000000ab200000| Complete 
| 163|0x00000000ab300000, 0x00000000ab400000, 0x00000000ab400000|100%| E|CS|TAMS 0x00000000ab300000, 0x00000000ab300000| Complete 
| 164|0x00000000ab400000, 0x00000000ab500000, 0x00000000ab500000|100%| E|CS|TAMS 0x00000000ab400000, 0x00000000ab400000| Complete 
| 165|0x00000000ab500000, 0x00000000ab600000, 0x00000000ab600000|100%| E|CS|TAMS 0x00000000ab500000, 0x00000000ab500000| Complete 
| 166|0x00000000ab600000, 0x00000000ab700000, 0x00000000ab700000|100%| E|CS|TAMS 0x00000000ab600000, 0x00000000ab600000| Complete 
| 167|0x00000000ab700000, 0x00000000ab800000, 0x00000000ab800000|100%| E|CS|TAMS 0x00000000ab700000, 0x00000000ab700000| Complete 
| 168|0x00000000ab800000, 0x00000000ab900000, 0x00000000ab900000|100%| E|CS|TAMS 0x00000000ab800000, 0x00000000ab800000| Complete 
| 169|0x00000000ab900000, 0x00000000aba00000, 0x00000000aba00000|100%| E|CS|TAMS 0x00000000ab900000, 0x00000000ab900000| Complete 
| 170|0x00000000aba00000, 0x00000000abb00000, 0x00000000abb00000|100%| E|CS|TAMS 0x00000000aba00000, 0x00000000aba00000| Complete 
| 171|0x00000000abb00000, 0x00000000abc00000, 0x00000000abc00000|100%| E|CS|TAMS 0x00000000abb00000, 0x00000000abb00000| Complete 
| 172|0x00000000abc00000, 0x00000000abd00000, 0x00000000abd00000|100%| E|CS|TAMS 0x00000000abc00000, 0x00000000abc00000| Complete 
| 173|0x00000000abd00000, 0x00000000abe00000, 0x00000000abe00000|100%| E|CS|TAMS 0x00000000abd00000, 0x00000000abd00000| Complete 
| 174|0x00000000abe00000, 0x00000000abf00000, 0x00000000abf00000|100%| E|CS|TAMS 0x00000000abe00000, 0x00000000abe00000| Complete 
| 175|0x00000000abf00000, 0x00000000ac000000, 0x00000000ac000000|100%| E|CS|TAMS 0x00000000abf00000, 0x00000000abf00000| Complete 
| 176|0x00000000ac000000, 0x00000000ac100000, 0x00000000ac100000|100%| E|CS|TAMS 0x00000000ac000000, 0x00000000ac000000| Complete 
| 177|0x00000000ac100000, 0x00000000ac200000, 0x00000000ac200000|100%| E|CS|TAMS 0x00000000ac100000, 0x00000000ac100000| Complete 
| 178|0x00000000ac200000, 0x00000000ac300000, 0x00000000ac300000|100%| E|CS|TAMS 0x00000000ac200000, 0x00000000ac200000| Complete 
| 179|0x00000000ac300000, 0x00000000ac400000, 0x00000000ac400000|100%| E|CS|TAMS 0x00000000ac300000, 0x00000000ac300000| Complete 
| 180|0x00000000ac400000, 0x00000000ac500000, 0x00000000ac500000|100%| E|CS|TAMS 0x00000000ac400000, 0x00000000ac400000| Complete 
| 181|0x00000000ac500000, 0x00000000ac600000, 0x00000000ac600000|100%| E|CS|TAMS 0x00000000ac500000, 0x00000000ac500000| Complete 
| 182|0x00000000ac600000, 0x00000000ac700000, 0x00000000ac700000|100%| E|CS|TAMS 0x00000000ac600000, 0x00000000ac600000| Complete 
| 183|0x00000000ac700000, 0x00000000ac800000, 0x00000000ac800000|100%| E|CS|TAMS 0x00000000ac700000, 0x00000000ac700000| Complete 
| 184|0x00000000ac800000, 0x00000000ac900000, 0x00000000ac900000|100%| E|CS|TAMS 0x00000000ac800000, 0x00000000ac800000| Complete 
| 185|0x00000000ac900000, 0x00000000aca00000, 0x00000000aca00000|100%| E|CS|TAMS 0x00000000ac900000, 0x00000000ac900000| Complete 
| 186|0x00000000aca00000, 0x00000000acb00000, 0x00000000acb00000|100%| E|CS|TAMS 0x00000000aca00000, 0x00000000aca00000| Complete 
| 187|0x00000000acb00000, 0x00000000acc00000, 0x00000000acc00000|100%| E|CS|TAMS 0x00000000acb00000, 0x00000000acb00000| Complete 

Card table byte_map: [0x0000017775f00000,0x0000017776200000] _byte_map_base: 0x00000177759f8000

Marking Bits (Prev, Next): (CMBitMap*) 0x0000017760ec35c0, (CMBitMap*) 0x0000017760ec3588
 Prev Bits: [0x0000017777cc0000, 0x0000017779480000)
 Next Bits: [0x0000017776500000, 0x0000017777cc0000)

Polling page: 0x0000017766160000

Metaspace:

Usage:
  Non-class:     74.51 MB capacity,    73.94 MB (>99%) used,   444.94 KB ( <1%) free+waste,   140.44 KB ( <1%) overhead. 
      Class:      9.16 MB capacity,     8.82 MB ( 96%) used,   288.09 KB (  3%) free+waste,    57.88 KB ( <1%) overhead. 
       Both:     83.67 MB capacity,    82.76 MB ( 99%) used,   733.03 KB ( <1%) free+waste,   198.31 KB ( <1%) overhead. 

Virtual space:
  Non-class space:       76.00 MB reserved,      74.75 MB ( 98%) committed 
      Class space:        1.00 GB reserved,       9.25 MB ( <1%) committed 
             Both:        1.07 GB reserved,      84.00 MB (  8%) committed 

Chunk freelists:
   Non-Class:  54.00 KB
       Class:  27.00 KB
        Both:  81.00 KB

MaxMetaspaceSize: 17179869184.00 GB
CompressedClassSpaceSize: 1.00 GB
Initial GC threshold: 20.80 MB
Current GC threshold: 98.13 MB
CDS: off

CodeHeap 'non-profiled nmethods': size=120000Kb used=8391Kb max_used=8391Kb free=111608Kb
 bounds [0x000001776dc50000, 0x000001776e490000, 0x0000017775180000]
CodeHeap 'profiled nmethods': size=120000Kb used=45839Kb max_used=45839Kb free=74160Kb
 bounds [0x0000017766720000, 0x00000177693f0000, 0x000001776dc50000]
CodeHeap 'non-nmethods': size=5760Kb used=1394Kb max_used=1470Kb free=4365Kb
 bounds [0x0000017766180000, 0x00000177663f0000, 0x0000017766720000]
 total_blobs=14973 nmethods=14278 adapters=604
 compilation: enabled
              stopped_count=0, restarted_count=0
 full_count=0

Compilation events (20 events):
Event: 17.052 Thread 0x000001777bf40000 14371       3       org.jetbrains.kotlin.backend.jvm.MultifileFacadesKt::isMultifileBridge (45 bytes)
Event: 17.053 Thread 0x000001777bf40000 nmethod 14371 0x00000177693da010 code [0x00000177693da2a0, 0x00000177693dad88]
Event: 17.053 Thread 0x000001777bf40000 14400       1       org.jetbrains.kotlin.ir.declarations.impl.IrTypeParameterImpl::getName (5 bytes)
Event: 17.053 Thread 0x000001777bf40000 nmethod 14400 0x000001776e476a10 code [0x000001776e476bc0, 0x000001776e476c78]
Event: 17.053 Thread 0x000001777bf40000 14350       3       org.jetbrains.kotlin.backend.jvm.lower.JvmOptimizationLowering$Transformer::visitGetValue (91 bytes)
Event: 17.055 Thread 0x000001777bf40000 nmethod 14350 0x00000177693db090 code [0x00000177693db4e0, 0x00000177693dd3e8]
Event: 17.055 Thread 0x000001777bf40000 14316       1       org.jetbrains.kotlin.ir.expressions.impl.IrGetFieldImpl::getStartOffset (5 bytes)
Event: 17.055 Thread 0x000001777bf40000 nmethod 14316 0x000001776e476d10 code [0x000001776e476ec0, 0x000001776e476f78]
Event: 17.055 Thread 0x000001777bf40000 14336       1       org.jetbrains.kotlin.ir.descriptors.IrBuiltInsOverDescriptors::getIntType (5 bytes)
Event: 17.055 Thread 0x000001777bf40000 nmethod 14336 0x000001776e477010 code [0x000001776e4771c0, 0x000001776e477278]
Event: 17.055 Thread 0x000001777bf40000 14339       1       org.jetbrains.kotlin.ir.declarations.impl.IrConstructorImpl::getAnnotations (5 bytes)
Event: 17.055 Thread 0x000001777bf40000 nmethod 14339 0x000001776e477310 code [0x000001776e4774c0, 0x000001776e477578]
Event: 17.066 Thread 0x000001777bf40000 14412       1       org.jetbrains.kotlin.ir.declarations.impl.IrClassImpl::getEndOffset (5 bytes)
Event: 17.066 Thread 0x000001777bf40000 nmethod 14412 0x000001776e477610 code [0x000001776e4777c0, 0x000001776e477878]
Event: 17.093 Thread 0x000001777bf40000 14413       2       org.jetbrains.kotlin.backend.jvm.mapping.IrTypeMapper::writeFormalTypeParameters (97 bytes)
Event: 17.094 Thread 0x000001777bf40000 nmethod 14413 0x00000177693ddc90 code [0x00000177693ddf40, 0x00000177693de6a8]
Event: 17.105 Thread 0x000001777e37e800 nmethod 14200 0x000001776e477910 code [0x000001776e477e20, 0x000001776e47c578]
Event: 17.106 Thread 0x000001777e37e800 14411       4       org.jetbrains.kotlin.backend.jvm.lower.BytecodeInliningPreparationLowering$lower$1::visitElement (65 bytes)
Event: 17.110 Thread 0x000001777bf40000 14414       3       org.jetbrains.kotlin.backend.jvm.mapping.MethodSignatureMapper::mapReturnType (161 bytes)
Event: 17.113 Thread 0x000001777bf40000 nmethod 14414 0x00000177693deb10 code [0x00000177693df080, 0x00000177693e1b38]

GC Heap History (20 events):
Event: 4.652 GC heap before
{Heap before GC invocations=7 (full 0):
 garbage-first heap   total 124928K, used 77793K [0x00000000a1000000, 0x0000000100000000)
  region size 1024K, 52 young (53248K), 4 survivors (4096K)
 Metaspace       used 48621K, capacity 49176K, committed 49408K, reserved 1093632K
  class space    used 5667K, capacity 5888K, committed 5888K, reserved 1048576K
}
Event: 4.666 GC heap after
{Heap after GC invocations=8 (full 0):
 garbage-first heap   total 124928K, used 31684K [0x00000000a1000000, 0x0000000100000000)
  region size 1024K, 7 young (7168K), 7 survivors (7168K)
 Metaspace       used 48621K, capacity 49176K, committed 49408K, reserved 1093632K
  class space    used 5667K, capacity 5888K, committed 5888K, reserved 1048576K
}
Event: 5.862 GC heap before
{Heap before GC invocations=8 (full 0):
 garbage-first heap   total 124928K, used 81860K [0x00000000a1000000, 0x0000000100000000)
  region size 1024K, 56 young (57344K), 7 survivors (7168K)
 Metaspace       used 55017K, capacity 55606K, committed 55808K, reserved 1097728K
  class space    used 6320K, capacity 6566K, committed 6656K, reserved 1048576K
}
Event: 5.893 GC heap after
{Heap after GC invocations=9 (full 0):
 garbage-first heap   total 124928K, used 39261K [0x00000000a1000000, 0x0000000100000000)
  region size 1024K, 7 young (7168K), 7 survivors (7168K)
 Metaspace       used 55017K, capacity 55606K, committed 55808K, reserved 1097728K
  class space    used 6320K, capacity 6566K, committed 6656K, reserved 1048576K
}
Event: 7.191 GC heap before
{Heap before GC invocations=9 (full 0):
 garbage-first heap   total 124928K, used 86365K [0x00000000a1000000, 0x0000000100000000)
  region size 1024K, 53 young (54272K), 7 survivors (7168K)
 Metaspace       used 56762K, capacity 57376K, committed 57600K, reserved 1099776K
  class space    used 6385K, capacity 6641K, committed 6656K, reserved 1048576K
}
Event: 7.229 GC heap after
{Heap after GC invocations=10 (full 0):
 garbage-first heap   total 124928K, used 48128K [0x00000000a1000000, 0x0000000100000000)
  region size 1024K, 7 young (7168K), 7 survivors (7168K)
 Metaspace       used 56762K, capacity 57376K, committed 57600K, reserved 1099776K
  class space    used 6385K, capacity 6641K, committed 6656K, reserved 1048576K
}
Event: 7.520 GC heap before
{Heap before GC invocations=10 (full 0):
 garbage-first heap   total 124928K, used 90112K [0x00000000a1000000, 0x0000000100000000)
  region size 1024K, 48 young (49152K), 7 survivors (7168K)
 Metaspace       used 57113K, capacity 57754K, committed 57984K, reserved 1099776K
  class space    used 6413K, capacity 6682K, committed 6784K, reserved 1048576K
}
Event: 7.544 GC heap after
{Heap after GC invocations=11 (full 0):
 garbage-first heap   total 159744K, used 51200K [0x00000000a1000000, 0x0000000100000000)
  region size 1024K, 3 young (3072K), 3 survivors (3072K)
 Metaspace       used 57113K, capacity 57754K, committed 57984K, reserved 1099776K
  class space    used 6413K, capacity 6682K, committed 6784K, reserved 1048576K
}
Event: 8.288 GC heap before
{Heap before GC invocations=11 (full 0):
 garbage-first heap   total 159744K, used 71680K [0x00000000a1000000, 0x0000000100000000)
  region size 1024K, 24 young (24576K), 3 survivors (3072K)
 Metaspace       used 59408K, capacity 60052K, committed 60160K, reserved 1101824K
  class space    used 6670K, capacity 6933K, committed 7040K, reserved 1048576K
}
Event: 8.308 GC heap after
{Heap after GC invocations=12 (full 0):
 garbage-first heap   total 159744K, used 54689K [0x00000000a1000000, 0x0000000100000000)
  region size 1024K, 6 young (6144K), 6 survivors (6144K)
 Metaspace       used 59408K, capacity 60052K, committed 60160K, reserved 1101824K
  class space    used 6670K, capacity 6933K, committed 7040K, reserved 1048576K
}
Event: 10.718 GC heap before
{Heap before GC invocations=13 (full 0):
 garbage-first heap   total 159744K, used 105889K [0x00000000a1000000, 0x0000000100000000)
  region size 1024K, 56 young (57344K), 6 survivors (6144K)
 Metaspace       used 65917K, capacity 66757K, committed 66944K, reserved 1107968K
  class space    used 7429K, capacity 7776K, committed 7808K, reserved 1048576K
}
Event: 10.737 GC heap after
{Heap after GC invocations=14 (full 0):
 garbage-first heap   total 159744K, used 60416K [0x00000000a1000000, 0x0000000100000000)
  region size 1024K, 7 young (7168K), 7 survivors (7168K)
 Metaspace       used 65917K, capacity 66757K, committed 66944K, reserved 1107968K
  class space    used 7429K, capacity 7776K, committed 7808K, reserved 1048576K
}
Event: 12.796 GC heap before
{Heap before GC invocations=14 (full 0):
 garbage-first heap   total 159744K, used 111616K [0x00000000a1000000, 0x0000000100000000)
  region size 1024K, 56 young (57344K), 7 survivors (7168K)
 Metaspace       used 67879K, capacity 68706K, committed 68864K, reserved 1110016K
  class space    used 7464K, capacity 7815K, committed 7936K, reserved 1048576K
}
Event: 12.824 GC heap after
{Heap after GC invocations=15 (full 0):
 garbage-first heap   total 159744K, used 68074K [0x00000000a1000000, 0x0000000100000000)
  region size 1024K, 7 young (7168K), 7 survivors (7168K)
 Metaspace       used 67879K, capacity 68706K, committed 68864K, reserved 1110016K
  class space    used 7464K, capacity 7815K, committed 7936K, reserved 1048576K
}
Event: 14.300 GC heap before
{Heap before GC invocations=15 (full 0):
 garbage-first heap   total 159744K, used 116202K [0x00000000a1000000, 0x0000000100000000)
  region size 1024K, 54 young (55296K), 7 survivors (7168K)
 Metaspace       used 73512K, capacity 74317K, committed 74368K, reserved 1116160K
  class space    used 7965K, capacity 8305K, committed 8320K, reserved 1048576K
}
Event: 14.314 GC heap after
{Heap after GC invocations=16 (full 0):
 garbage-first heap   total 192512K, used 71530K [0x00000000a1000000, 0x0000000100000000)
  region size 1024K, 4 young (4096K), 4 survivors (4096K)
 Metaspace       used 73512K, capacity 74317K, committed 74368K, reserved 1116160K
  class space    used 7965K, capacity 8305K, committed 8320K, reserved 1048576K
}
Event: 15.746 GC heap before
{Heap before GC invocations=16 (full 0):
 garbage-first heap   total 192512K, used 129898K [0x00000000a1000000, 0x0000000100000000)
  region size 1024K, 61 young (62464K), 4 survivors (4096K)
 Metaspace       used 80526K, capacity 81338K, committed 81536K, reserved 1122304K
  class space    used 8744K, capacity 9087K, committed 9088K, reserved 1048576K
}
Event: 15.764 GC heap after
{Heap after GC invocations=17 (full 0):
 garbage-first heap   total 192512K, used 80529K [0x00000000a1000000, 0x0000000100000000)
  region size 1024K, 8 young (8192K), 8 survivors (8192K)
 Metaspace       used 80526K, capacity 81338K, committed 81536K, reserved 1122304K
  class space    used 8744K, capacity 9087K, committed 9088K, reserved 1048576K
}
Event: 16.721 GC heap before
{Heap before GC invocations=17 (full 0):
 garbage-first heap   total 192512K, used 140945K [0x00000000a1000000, 0x0000000100000000)
  region size 1024K, 67 young (68608K), 8 survivors (8192K)
 Metaspace       used 83374K, capacity 84297K, committed 84608K, reserved 1124352K
  class space    used 8935K, capacity 9283K, committed 9344K, reserved 1048576K
}
Event: 16.746 GC heap after
{Heap after GC invocations=18 (full 0):
 garbage-first heap   total 192512K, used 86313K [0x00000000a1000000, 0x0000000100000000)
  region size 1024K, 6 young (6144K), 6 survivors (6144K)
 Metaspace       used 83374K, capacity 84297K, committed 84608K, reserved 1124352K
  class space    used 8935K, capacity 9283K, committed 9344K, reserved 1048576K
}

Deoptimization events (20 events):
Event: 16.920 Thread 0x0000017760e8d000 Uncommon trap: trap_request=0xffffffc6 fr.pc=0x000001776e4475b4 relative=0x0000000000003c94
Event: 16.920 Thread 0x0000017760e8d000 Uncommon trap: reason=bimorphic_or_optimized_type_check action=maybe_recompile pc=0x000001776e4475b4 method=org.jetbrains.kotlin.ir.util.IrFakeOverrideUtilsKt$resolveFakeOverride$2.invoke(Lorg/jetbrains/kotlin/ir/declarations/IrOverridableDeclaration;)Lja
Event: 16.920 Thread 0x0000017760e8d000 DEOPT PACKING pc=0x000001776e4475b4 sp=0x0000006e833fc1d0
Event: 16.920 Thread 0x0000017760e8d000 DEOPT UNPACKING pc=0x00000177661ca1af sp=0x0000006e833fc118 mode 2
Event: 16.920 Thread 0x0000017760e8d000 Uncommon trap: trap_request=0xffffffc6 fr.pc=0x000001776e4475b4 relative=0x0000000000003c94
Event: 16.920 Thread 0x0000017760e8d000 Uncommon trap: reason=bimorphic_or_optimized_type_check action=maybe_recompile pc=0x000001776e4475b4 method=org.jetbrains.kotlin.ir.util.IrFakeOverrideUtilsKt$resolveFakeOverride$2.invoke(Lorg/jetbrains/kotlin/ir/declarations/IrOverridableDeclaration;)Lja
Event: 16.920 Thread 0x0000017760e8d000 DEOPT PACKING pc=0x000001776e4475b4 sp=0x0000006e833fc1d0
Event: 16.920 Thread 0x0000017760e8d000 DEOPT UNPACKING pc=0x00000177661ca1af sp=0x0000006e833fc118 mode 2
Event: 16.920 Thread 0x0000017760e8d000 Uncommon trap: trap_request=0xffffffc6 fr.pc=0x000001776e4475b4 relative=0x0000000000003c94
Event: 16.920 Thread 0x0000017760e8d000 Uncommon trap: reason=bimorphic_or_optimized_type_check action=maybe_recompile pc=0x000001776e4475b4 method=org.jetbrains.kotlin.ir.util.IrFakeOverrideUtilsKt$resolveFakeOverride$2.invoke(Lorg/jetbrains/kotlin/ir/declarations/IrOverridableDeclaration;)Lja
Event: 16.920 Thread 0x0000017760e8d000 DEOPT PACKING pc=0x000001776e4475b4 sp=0x0000006e833fc1d0
Event: 16.920 Thread 0x0000017760e8d000 DEOPT UNPACKING pc=0x00000177661ca1af sp=0x0000006e833fc118 mode 2
Event: 16.992 Thread 0x0000017760e8d000 Uncommon trap: trap_request=0xffffffc6 fr.pc=0x000001776e4475b4 relative=0x0000000000003c94
Event: 16.992 Thread 0x0000017760e8d000 Uncommon trap: reason=bimorphic_or_optimized_type_check action=maybe_recompile pc=0x000001776e4475b4 method=org.jetbrains.kotlin.ir.util.IrFakeOverrideUtilsKt$resolveFakeOverride$2.invoke(Lorg/jetbrains/kotlin/ir/declarations/IrOverridableDeclaration;)Lja
Event: 16.992 Thread 0x0000017760e8d000 DEOPT PACKING pc=0x000001776e4475b4 sp=0x0000006e833fc860
Event: 16.992 Thread 0x0000017760e8d000 DEOPT UNPACKING pc=0x00000177661ca1af sp=0x0000006e833fc7a8 mode 2
Event: 16.992 Thread 0x0000017760e8d000 Uncommon trap: trap_request=0xffffffc6 fr.pc=0x000001776e41c79c relative=0x00000000000000dc
Event: 16.992 Thread 0x0000017760e8d000 Uncommon trap: reason=bimorphic_or_optimized_type_check action=maybe_recompile pc=0x000001776e41c79c method=org.jetbrains.kotlin.ir.util.IrFakeOverrideUtilsKt$resolveFakeOverride$2.invoke(Lorg/jetbrains/kotlin/ir/declarations/IrOverridableDeclaration;)Lja
Event: 16.992 Thread 0x0000017760e8d000 DEOPT PACKING pc=0x000001776e41c79c sp=0x0000006e833fc870
Event: 16.992 Thread 0x0000017760e8d000 DEOPT UNPACKING pc=0x00000177661ca1af sp=0x0000006e833fc798 mode 2

Classes redefined (0 events):
No events

Internal exceptions (20 events):
Event: 9.597 Thread 0x0000017760e8d000 Implicit null exception at 0x000001776e0945f4 to 0x000001776e094c5c
Event: 10.199 Thread 0x0000017760e8d000 Exception <a 'java/lang/NoSuchMethodError'{0x00000000a7fda8b0}: 'int java.lang.invoke.DirectMethodHandle$Holder.invokeVirtual(java.lang.Object, java.lang.Object, java.lang.Object)'> (0x00000000a7fda8b0) thrown at [./src/hotspot/share/interpreter/linkResolver.cpp, line 773]
Event: 10.386 Thread 0x0000017760e8d000 Exception <a 'java/lang/NoSuchMethodError'{0x00000000a7bc6a38}: 'java.lang.Object java.lang.invoke.DirectMethodHandle$Holder.invokeSpecial(java.lang.Object, java.lang.Object, java.lang.Object, java.lang.Object, java.lang.Object, int)'> (0x00000000a7bc6a38) thrown at [./src/hotspot/share/interpreter/linkResolver.cpp, line 773]
Event: 10.387 Thread 0x0000017760e8d000 Exception <a 'java/lang/NoSuchMethodError'{0x00000000a7bca880}: 'java.lang.Object java.lang.invoke.Invokers$Holder.linkToTargetMethod(java.lang.Object, java.lang.Object, java.lang.Object, int, java.lang.Object)'> (0x00000000a7bca880) thrown at [./src/hotspot/share/interpreter/linkResolver.cpp, line 773]
Event: 10.465 Thread 0x0000017760e8d000 Exception <a 'java/lang/NoSuchMethodError'{0x00000000a797de18}: 'void java.lang.invoke.DirectMethodHandle$Holder.invokeInterface(java.lang.Object, java.lang.Object)'> (0x00000000a797de18) thrown at [./src/hotspot/share/interpreter/linkResolver.cpp, line 773]
Event: 10.540 Thread 0x0000017760e8d000 Exception <a 'java/lang/IncompatibleClassChangeError'{0x00000000a776d8f0}: Found class java.lang.Object, but interface was expected> (0x00000000a776d8f0) thrown at [./src/hotspot/share/interpreter/linkResolver.cpp, line 839]
Event: 10.688 Thread 0x0000017760e8d000 Exception <a 'java/lang/NoSuchMethodError'{0x00000000a74a3e48}: 'int java.lang.invoke.DirectMethodHandle$Holder.invokeStaticInit(java.lang.Object, int)'> (0x00000000a74a3e48) thrown at [./src/hotspot/share/interpreter/linkResolver.cpp, line 773]
Event: 12.702 Thread 0x0000017760e8d000 Implicit null exception at 0x000001776e15126c to 0x000001776e15145c
Event: 13.930 Thread 0x0000017760e8d000 Exception <a 'java/lang/NoSuchMethodError'{0x00000000a8ee9ea0}: 'java.lang.Object java.lang.invoke.DirectMethodHandle$Holder.invokeStaticInit(java.lang.Object, java.lang.Object, java.lang.Object, java.lang.Object)'> (0x00000000a8ee9ea0) thrown at [./src/hotspot/share/interpreter/linkResolver.cpp, line 773]
Event: 14.146 Thread 0x0000017760e8d000 Exception <a 'java/lang/NoSuchMethodError'{0x00000000a84d4140}: 'int java.lang.invoke.DirectMethodHandle$Holder.invokeStaticInit(java.lang.Object, java.lang.Object, java.lang.Object, java.lang.Object)'> (0x00000000a84d4140) thrown at [./src/hotspot/share/interpreter/linkResolver.cpp, line 773]
Event: 14.226 Thread 0x0000017760e8d000 Exception <a 'java/lang/NoSuchMethodError'{0x00000000a806b5c8}: 'java.lang.Object java.lang.invoke.DirectMethodHandle$Holder.invokeStatic(java.lang.Object, java.lang.Object, java.lang.Object, int, int, java.lang.Object, java.lang.Object)'> (0x00000000a806b5c8) thrown at [./src/hotspot/share/interpreter/linkResolver.cpp, line 773]
Event: 14.226 Thread 0x0000017760e8d000 Exception <a 'java/lang/NoSuchMethodError'{0x00000000a806f1e0}: 'java.lang.Object java.lang.invoke.DirectMethodHandle$Holder.invokeSpecial(java.lang.Object, java.lang.Object, java.lang.Object, java.lang.Object, int, int, java.lang.Object, java.lang.Object)'> (0x00000000a806f1e0) thrown at [./src/hotspot/share/interpreter/linkResolver.cpp, line 773]
Event: 14.227 Thread 0x0000017760e8d000 Exception <a 'java/lang/NoSuchMethodError'{0x00000000a80725f0}: 'java.lang.Object java.lang.invoke.Invokers$Holder.linkToTargetMethod(java.lang.Object, java.lang.Object, int, int, java.lang.Object, java.lang.Object, java.lang.Object)'> (0x00000000a80725f0) thrown at [./src/hotspot/share/interpreter/linkResolver.cpp, line 773]
Event: 14.241 Thread 0x0000017760e8d000 Implicit null exception at 0x000001776dcc10f4 to 0x000001776dcc130c
Event: 14.246 Thread 0x0000017760e8d000 Exception <a 'java/lang/NoSuchMethodError'{0x00000000a7f36ec0}: 'java.lang.Object java.lang.invoke.DirectMethodHandle$Holder.invokeStatic(java.lang.Object, java.lang.Object, java.lang.Object, int, int, java.lang.Object, java.lang.Object, java.lang.Object, java.lang.Object)'> (0x00000000a7f36ec0) thrown at [./src/hotspot/share/interpreter/linkResolver.cpp, line 773]
Event: 14.372 Thread 0x0000017760e8d000 Exception <a 'java/lang/NoSuchMethodError'{0x00000000aca745b0}: 'java.lang.Object java.lang.invoke.DirectMethodHandle$Holder.invokeStatic(java.lang.Object, java.lang.Object, java.lang.Object, int, int, java.lang.Object, java.lang.Object, java.lang.Object)'> (0x00000000aca745b0) thrown at [./src/hotspot/share/interpreter/linkResolver.cpp, line 773]
Event: 14.373 Thread 0x0000017760e8d000 Exception <a 'java/lang/NoSuchMethodError'{0x00000000aca7c5f0}: 'java.lang.Object java.lang.invoke.DirectMethodHandle$Holder.invokeStatic(java.lang.Object, java.lang.Object, java.lang.Object, int, int)'> (0x00000000aca7c5f0) thrown at [./src/hotspot/share/interpreter/linkResolver.cpp, line 773]
Event: 14.373 Thread 0x0000017760e8d000 Exception <a 'java/lang/NoSuchMethodError'{0x00000000aca7fdd0}: 'java.lang.Object java.lang.invoke.DirectMethodHandle$Holder.invokeSpecial(java.lang.Object, java.lang.Object, java.lang.Object, java.lang.Object, int, int)'> (0x00000000aca7fdd0) thrown at [./src/hotspot/share/interpreter/linkResolver.cpp, line 773]
Event: 14.373 Thread 0x0000017760e8d000 Exception <a 'java/lang/NoSuchMethodError'{0x00000000aca83148}: 'java.lang.Object java.lang.invoke.Invokers$Holder.linkToTargetMethod(java.lang.Object, java.lang.Object, int, int, java.lang.Object)'> (0x00000000aca83148) thrown at [./src/hotspot/share/interpreter/linkResolver.cpp, line 773]
Event: 14.379 Thread 0x0000017760e8d000 Exception <a 'java/lang/NoSuchMethodError'{0x00000000acaa59c0}: 'java.lang.Object java.lang.invoke.DirectMethodHandle$Holder.invokeSpecial(java.lang.Object, java.lang.Object, int, int, java.lang.Object, java.lang.Object, java.lang.Object, java.lang.Object, java.lang.Object)'> (0x00000000acaa59c0) thrown at [./src/hotspot/share/interpreter/linkResolver.cpp, line 773]

Events (20 events):
Event: 17.123 loading class org/jetbrains/kotlin/utils/SmartIdentityTable
Event: 17.123 loading class org/jetbrains/kotlin/utils/SmartIdentityTable done
Event: 17.124 loading class org/jetbrains/kotlin/utils/SmartIdentityTable$Companion
Event: 17.124 loading class org/jetbrains/kotlin/utils/SmartIdentityTable$Companion done
Event: 17.124 loading class org/jetbrains/org/objectweb/asm/Label
Event: 17.124 loading class org/jetbrains/org/objectweb/asm/Label done
Event: 17.124 loading class org/jetbrains/kotlin/codegen/inline/MaxStackFrameSizeAndLocalsCalculator$LabelWrapper
Event: 17.124 loading class org/jetbrains/kotlin/codegen/inline/MaxStackFrameSizeAndLocalsCalculator$LabelWrapper done
Event: 17.124 loading class org/jetbrains/kotlin/codegen/inline/MaxStackFrameSizeAndLocalsCalculator$LabelWrapper
Event: 17.124 loading class org/jetbrains/kotlin/codegen/inline/MaxStackFrameSizeAndLocalsCalculator$LabelWrapper done
Event: 17.124 loading class org/jetbrains/org/objectweb/asm/Label
Event: 17.124 loading class org/jetbrains/org/objectweb/asm/Label done
Event: 17.125 loading class org/jetbrains/kotlin/backend/jvm/codegen/FunctionCodegen$doGenerate$1
Event: 17.125 loading class org/jetbrains/kotlin/backend/jvm/codegen/FunctionCodegen$doGenerate$1 done
Event: 17.125 loading class org/jetbrains/kotlin/backend/jvm/codegen/AnnotationCodegen
Event: 17.125 loading class org/jetbrains/kotlin/backend/jvm/codegen/AnnotationCodegen done
Event: 17.126 loading class org/jetbrains/kotlin/backend/jvm/codegen/AnnotationCodegen$Companion
Event: 17.126 loading class org/jetbrains/kotlin/backend/jvm/codegen/AnnotationCodegen$Companion done
Event: 17.127 loading class org/jetbrains/kotlin/backend/jvm/codegen/FunctionCodegen$doGenerate$2
Event: 17.127 loading class org/jetbrains/kotlin/backend/jvm/codegen/FunctionCodegen$doGenerate$2 done


Dynamic libraries:
0x00007ff6e58e0000 - 0x00007ff6e58ea000 	C:\Program Files\Android\Android Studio\jre\bin\java.exe
0x00007ffffdee0000 - 0x00007ffffe0e9000 	C:\WINDOWS\SYSTEM32\ntdll.dll
0x00007ffffd080000 - 0x00007ffffd13e000 	C:\WINDOWS\System32\KERNEL32.DLL
0x00007ffffb590000 - 0x00007ffffb90b000 	C:\WINDOWS\System32\KERNELBASE.dll
0x00007ffffba30000 - 0x00007ffffbb41000 	C:\WINDOWS\System32\ucrtbase.dll
0x00007fffe5c40000 - 0x00007fffe5c59000 	C:\Program Files\Android\Android Studio\jre\bin\jli.dll
0x00007fffe6800000 - 0x00007fffe6817000 	C:\Program Files\Android\Android Studio\jre\bin\VCRUNTIME140.dll
0x00007ffffd690000 - 0x00007ffffd83d000 	C:\WINDOWS\System32\USER32.dll
0x00007ffffb560000 - 0x00007ffffb586000 	C:\WINDOWS\System32\win32u.dll
0x00007fffe6980000 - 0x00007fffe6c25000 	C:\WINDOWS\WinSxS\amd64_microsoft.windows.common-controls_6595b64144ccf1df_6.0.22000.120_none_9d947278b86cc467\COMCTL32.dll
0x00007ffffc660000 - 0x00007ffffc689000 	C:\WINDOWS\System32\GDI32.dll
0x00007ffffd340000 - 0x00007ffffd3e3000 	C:\WINDOWS\System32\msvcrt.dll
0x00007ffffb910000 - 0x00007ffffba28000 	C:\WINDOWS\System32\gdi32full.dll
0x00007ffffbcc0000 - 0x00007ffffbd5d000 	C:\WINDOWS\System32\msvcp_win.dll
0x00007ffffd9a0000 - 0x00007ffffd9d2000 	C:\WINDOWS\System32\IMM32.DLL
0x00007fffd9310000 - 0x00007fffd93ad000 	C:\Program Files\Android\Android Studio\jre\bin\msvcp140.dll
0x00007fffc0b10000 - 0x00007fffc1612000 	C:\Program Files\Android\Android Studio\jre\bin\server\jvm.dll
0x00007ffffcf60000 - 0x00007ffffd00e000 	C:\WINDOWS\System32\ADVAPI32.dll
0x00007ffffc700000 - 0x00007ffffc79e000 	C:\WINDOWS\System32\sechost.dll
0x00007ffffdd80000 - 0x00007ffffdea0000 	C:\WINDOWS\System32\RPCRT4.dll
0x00007ffffd4d0000 - 0x00007ffffd4d8000 	C:\WINDOWS\System32\PSAPI.DLL
0x00007ffff5260000 - 0x00007ffff5269000 	C:\WINDOWS\SYSTEM32\WSOCK32.dll
0x00007ffff4e00000 - 0x00007ffff4e33000 	C:\WINDOWS\SYSTEM32\WINMM.dll
0x00007ffff3a50000 - 0x00007ffff3a5a000 	C:\WINDOWS\SYSTEM32\VERSION.dll
0x00007ffffd010000 - 0x00007ffffd07f000 	C:\WINDOWS\System32\WS2_32.dll
0x00007ffffa3f0000 - 0x00007ffffa408000 	C:\WINDOWS\SYSTEM32\kernel.appcore.dll
0x00007fffea5d0000 - 0x00007fffea5e1000 	C:\Program Files\Android\Android Studio\jre\bin\verify.dll
0x00007fffeb2f0000 - 0x00007fffeb511000 	C:\WINDOWS\SYSTEM32\DBGHELP.DLL
0x00007fffe6340000 - 0x00007fffe6371000 	C:\WINDOWS\SYSTEM32\dbgcore.DLL
0x00007ffffb470000 - 0x00007ffffb4ef000 	C:\WINDOWS\System32\bcryptPrimitives.dll
0x00007fffe1290000 - 0x00007fffe12b9000 	C:\Program Files\Android\Android Studio\jre\bin\java.dll
0x00007ffff4f70000 - 0x00007ffff4f7b000 	C:\Program Files\Android\Android Studio\jre\bin\jimage.dll
0x00007fffea5b0000 - 0x00007fffea5c8000 	C:\Program Files\Android\Android Studio\jre\bin\zip.dll
0x00007ffffc7a0000 - 0x00007ffffcf58000 	C:\WINDOWS\System32\SHELL32.dll
0x00007ffff9460000 - 0x00007ffff9cc5000 	C:\WINDOWS\SYSTEM32\windows.storage.dll
0x00007ffffc1f0000 - 0x00007ffffc568000 	C:\WINDOWS\System32\combase.dll
0x00007ffff92f0000 - 0x00007ffff9456000 	C:\WINDOWS\SYSTEM32\wintypes.dll
0x00007ffffc570000 - 0x00007ffffc65a000 	C:\WINDOWS\System32\SHCORE.dll
0x00007ffffdc30000 - 0x00007ffffdc8d000 	C:\WINDOWS\System32\shlwapi.dll
0x00007ffffb2e0000 - 0x00007ffffb301000 	C:\WINDOWS\SYSTEM32\profapi.dll
0x00007fffe1dc0000 - 0x00007fffe1dda000 	C:\Program Files\Android\Android Studio\jre\bin\net.dll
0x00007ffff3bc0000 - 0x00007ffff3cd4000 	C:\WINDOWS\SYSTEM32\WINHTTP.dll
0x00007ffffa880000 - 0x00007ffffa8e7000 	C:\WINDOWS\system32\mswsock.dll
0x00007fffe16e0000 - 0x00007fffe16f4000 	C:\Program Files\Android\Android Studio\jre\bin\nio.dll

dbghelp: loaded successfully - version: 4.0.5 - missing functions: none
symbol engine: initialized successfully - sym options: 0x614 - pdb path: .;C:\Program Files\Android\Android Studio\jre\bin;C:\WINDOWS\SYSTEM32;C:\WINDOWS\WinSxS\amd64_microsoft.windows.common-controls_6595b64144ccf1df_6.0.22000.120_none_9d947278b86cc467;C:\Program Files\Android\Android Studio\jre\bin\server

VM Arguments:
java_command: org.jetbrains.kotlin.cli.jvm.K2JVMCompiler @C:\Users\prog\AndroidStudioProjects\DocScan\app\build\20221206_12377449284356082601.compiler.options
java_class_path (initial): C:\Users\prog\.gradle\caches\modules-2\files-2.1\org.jetbrains.kotlin\kotlin-compiler-embeddable\1.7.10\909803167c98606fcf22b4c848647c68e351d48d\kotlin-compiler-embeddable-1.7.10.jar;C:\Users\prog\.gradle\caches\modules-2\files-2.1\org.jetbrains.kotlin\kotlin-reflect\1.7.10\165e600dfea6185cf5efa700756294cc4904dbeb\kotlin-reflect-1.7.10.jar;C:\Users\prog\.gradle\caches\modules-2\files-2.1\org.jetbrains.kotlin\kotlin-stdlib\1.7.10\d2abf9e77736acc4450dc4a3f707fa2c10f5099d\kotlin-stdlib-1.7.10.jar;C:\Users\prog\.gradle\caches\modules-2\files-2.1\org.jetbrains.kotlin\kotlin-script-runtime\1.7.10\c99c87a6988d8fd8d5142e9ed5c9f34a7cf561ee\kotlin-script-runtime-1.7.10.jar;C:\Users\prog\.gradle\caches\modules-2\files-2.1\org.jetbrains.kotlin\kotlin-daemon-embeddable\1.7.10\3a9f7aef7080d3ae63126cbba4f827ed664f32fa\kotlin-daemon-embeddable-1.7.10.jar;C:\Users\prog\.gradle\caches\modules-2\files-2.1\org.jetbrains.intellij.deps\trove4j\1.0.20200330\3afb14d5f9ceb459d724e907a21145e8ff394f02\trove4j-1.0.20200330.jar;C:\Users\prog\.gradle\caches\modules-2\files-2.1\net.java.dev.jna\jna\5.6.0\330f2244e9030119ab3030fc3fededc86713d9cc\jna-5.6.0.jar;C:\Users\prog\.gradle\caches\modules-2\files-2.1\org.jetbrains.kotlin\kotlin-stdlib-common\1.7.10\bac80c520d0a9e3f3673bc2658c6ed02ef45a76a\kotlin-stdlib-common-1.7.10.jar;C:\Users\prog\.gradle\caches\modules-2\files-2.1\org.jetbrains\annotations\13.0\919f0dfe192fb4e063e7dacadee7f8bb9a2672a9\annotations-13.0.jar
Launcher Type: SUN_STANDARD

[Global flags]
     intx CICompilerCount                          = 4                                         {product} {ergonomic}
     uint ConcGCThreads                            = 2                                         {product} {ergonomic}
     uint G1ConcRefinementThreads                  = 8                                         {product} {ergonomic}
   size_t G1HeapRegionSize                         = 1048576                                   {product} {ergonomic}
    uintx GCDrainStackTargetSize                   = 64                                        {product} {ergonomic}
   size_t InitialHeapSize                          = 100663296                                 {product} {ergonomic}
   size_t MarkStackSize                            = 4194304                                   {product} {ergonomic}
   size_t MaxHeapSize                              = 1593835520                                {product} {ergonomic}
   size_t MaxNewSize                               = 956301312                                 {product} {ergonomic}
   size_t MinHeapDeltaBytes                        = 1048576                                   {product} {ergonomic}
    uintx NonNMethodCodeHeapSize                   = 5836300                                {pd product} {ergonomic}
    uintx NonProfiledCodeHeapSize                  = 122910970                              {pd product} {ergonomic}
    uintx ProfiledCodeHeapSize                     = 122910970                              {pd product} {ergonomic}
    uintx ReservedCodeCacheSize                    = 251658240                              {pd product} {ergonomic}
     bool SegmentedCodeCache                       = true                                      {product} {ergonomic}
     bool UseCompressedClassPointers               = true                                 {lp64_product} {ergonomic}
     bool UseCompressedOops                        = true                                 {lp64_product} {ergonomic}
     bool UseG1GC                                  = true                                      {product} {ergonomic}
     bool UseLargePagesIndividualAllocation        = false                                  {pd product} {ergonomic}

Logging:
Log output configuration:
 #0: stdout all=warning uptime,level,tags
 #1: stderr all=off uptime,level,tags

Environment Variables:
JAVA_HOME=G:\java19
PATH=G:\VMware\VMware Workstation\bin\;C:\Program Files\Common Files\Oracle\Java\javapath;C:\Program Files (x86)\Common Files\Oracle\Java\javapath;C:\WINDOWS\system32;C:\WINDOWS;C:\WINDOWS\System32\Wbem;C:\WINDOWS\System32\WindowsPowerShell\v1.0\;C:\WINDOWS\System32\OpenSSH\;C:\Program Files\dotnet\;G:\Git\cmd;C:\Program Files\CMake\bin;C:\Program Files\nodejs\;C:\Program Files\PuTTY\;C:\Program Files\Cloudflare\Cloudflare WARP\;C:\Users\prog\AppData\Local\Microsoft\WindowsApps;
USERNAME=prog
OS=Windows_NT
PROCESSOR_IDENTIFIER=AMD64 Family 23 Model 24 Stepping 1, AuthenticAMD



---------------  S Y S T E M  ---------------

OS: Windows 11 , 64 bit Build 22000 (10.0.22000.1219)
OS uptime: 2 days 8:51 hours
Hyper-V role detected

CPU:total 8 (initial active 8) (8 cores per cpu, 2 threads per core) family 23 model 24 stepping 1 microcode 0x0, cmov, cx8, fxsr, mmx, sse, sse2, sse3, ssse3, sse4.1, sse4.2, popcnt, avx, avx2, aes, clmul, mmxext, 3dnowpref, lzcnt, sse4a, ht, tsc, tscinvbit, tscinv, bmi1, bmi2, adx, sha, fma

Memory: 4k page, system-wide physical 6077M (413M free)
TotalPageFile size 13795M (AvailPageFile size 6M)
current process WorkingSet (physical memory assigned to process): 448M, peak: 450M
current process commit charge ("private bytes"): 487M, peak: 488M

vm_info: OpenJDK 64-Bit Server VM (11.0.13+0-b1751.21-8125866) for windows-amd64 JRE (11.0.13+0-b1751.21-8125866), built on Feb  2 2022 03:00:22 by "builder" with MS VC++ 14.0 (VS2015)

END.
